Compiled using GNU Fortran (Ubuntu 9.4.0-1ubuntu1~20.04.1) 9.4.0 with all optimizations
Last Brick update unknown
Compiled at 09:45:00 on Jun 30 2022
Starting at 12:54:19 on Feb 08 2023

Settings
OK                      

Forcefield
OK                      

Topology
OK                      

Configuration
OK                      Starting from random configuration.

Weightfunction
OK                      Read from ./INPUT/weightfunction.in

 F
Monte Carlo Simulation initialized.

##############################################################################
######################   ENERGY STARTING CONFIGURATION   #####################
##############################################################################

Lennard Jones        
 Intermolecular                          0.5668346299E+008
 Tailcorrection                         -0.9807480389E+004
Total Intermolecular                     0.5667365551E+008

Electrostatic        
 Real                                   -0.2364497822E+006
 Exclusion                               0.2512425104E+008
 Selfterm                               -0.2609943191E+008
 Fourier                                 0.7814258305E+006
Total Intermolecular                    -0.4302048206E+006

Intramolecular       
 Lennard Jones                           0.0000000000E+000
 Electrostatic                           0.0000000000E+000
 Bending                                 0.0000000000E+000
 Torsion                                 0.0000000000E+000

Total                                    0.5624345069E+008

##############################################################################

Simulation is running...



##############################################################################
#########################   RELATIVE ENERGY DRIFTS   #########################
##############################################################################

Lennard Jones        
 Intermolecular                          0.2123751088E-014
 Tailcorrection                          0.0000000000E+000

Electrostatic        
 Real                                    0.4209263838E-014
 Exclusion                               0.1480138761E-015
 Selfterm                                0.0000000000E+000
 Fourier                                 0.3061808997E-015

Intramolecular       
 Lennard Jones                           0.0000000000E+000
 Electrostatic                           0.0000000000E+000
 Bending                                 0.0000000000E+000
 Torsion                                 0.0000000000E+000

Total                                    0.3801433841E-014

##############################################################################
#######################   TRIAL MOVE ACCEPTANCE RATES   ######################
##############################################################################

Translation
 H2O_TIP                                      0.49277
 Na_NaBOH4                                    0.51060
 BOH4_NaBOH4                                  0.50275
 H2_H2                                        0.45825
------------------------------------------------------------------------------
Rotation
 H2O_TIP                                      0.49586
 Na_NaBOH4                                    0.00000
 BOH4_NaBOH4                                  0.49238
 H2_H2                                        0.96305
------------------------------------------------------------------------------
Lambda Move
 H2O_TIP                                      0.61492
 H2_H2                                        0.77617
------------------------------------------------------------------------------
Fractional Reinsertion
 H2O_TIP                                      0.67066
 H2_H2                                        0.78714
------------------------------------------------------------------------------
Fractional Identity Change
 H2O_TIP                                      0.13017
 H2_H2                                        0.00000
------------------------------------------------------------------------------
Volume                                        0.48420

##############################################################################
################################   AVERAGES   ################################
##############################################################################
                                             Boltzmann            Biased
Density
 H2O_TIP                                 0.9094796447E+003   0.9085680307E+003
 Na_NaBOH4                               0.6189882565E+002   0.6183678156E+002
 BOH4_NaBOH4                             0.2122809111E+003   0.2120681321E+003
 H2_H2                                   0.0000000000E+000   0.0000000000E+000
 Total                                   0.1183659381E+004   0.1182472944E+004

Number of molecules
 H2O_TIP                                 0.3000000000E+003   0.3000000000E+003
 Na_NaBOH4                               0.1600000000E+002   0.1600000000E+002
 BOH4_NaBOH4                             0.1600000000E+002   0.1600000000E+002
 H2_H2                                   0.0000000000E+000   0.0000000000E+000
 Total                                   0.3320000000E+003   0.3320000000E+003

Mole fractions
 H2O_TIP                                      0.90361             0.90361
 Na_NaBOH4                                    0.04819             0.04819
 BOH4_NaBOH4                                  0.04819             0.04819
 H2_H2                                        0.00000             0.00000

Volume                                   0.9869690955E+004   0.9879503785E+004

##############################################################################
##########################   PROPERTIES FROM CFCMC   #########################
Note: The following floating-point exceptions are signalling: IEEE_INVALID_FLAG IEEE_DIVIDE_BY_ZERO IEEE_OVERFLOW_FLAG IEEE_UNDERFLOW_FLAG IEEE_DENORMAL
##############################################################################
                                             Boltzmann            Biased
Chemical Potentials
==============================================================================

Total H2O_TIP                           -0.4668073328E+004  -0.4668372177E+004
 Ideal gas                              -0.1040989061E+004  -0.1041287910E+004
 Excess                                 -0.3627084267E+004  -0.3627084267E+004

------------------------------------------------------------------------------

Total H2_H2                                      -Infinity           -Infinity
 Ideal gas                                       -Infinity           -Infinity
 Excess                                  0.1417702335E+004   0.1417702335E+004

------------------------------------------------------------------------------

Fugacity coefficients
==============================================================================

H2O_TIP                                  0.7163937180E-002   0.7156821590E-002
H2_H2                                                  NaN                 NaN

Excess Partial Molar Enthalpy
==============================================================================

H2O_TIP                                 -0.4711929754E+004
H2_H2                                    0.6663614542E+003

Partial Molar Volume
==============================================================================

H2O_TIP                                  0.3932005318E+002
H2_H2                                    0.4237834067E+002


##############################################################################
####################   PROPERTIES FROM UMBRELLA SAMPLING   ###################
##############################################################################

Excess Partial Molar Enthalpy
==============================================================================

H2O_TIP                                 -0.4693167556E+004
H2_H2                                                  NaN

Partial Molar Volume
==============================================================================

H2O_TIP                                  0.3945982263E+002
H2_H2                                                  NaN

##############################################################################
############################   AVERAGE ENERGIES   ############################
##############################################################################
                                             Boltzmann            Biased
Lennard Jones        
 Intermolecular                          0.3927068507E+006   0.3918164979E+006
 Tailcorrection                         -0.9204867624E+004  -0.9190029479E+004
Total Intermolecular                     0.3835019830E+006   0.3826264684E+006

Electrostatic        
 Real                                   -0.2455827693E+007  -0.2450596717E+007
 Exclusion                               0.2518971181E+008   0.2513521546E+008
 Selfterm                               -0.2616583098E+008  -0.2611048604E+008
 Fourier                                 0.9394715862E+005   0.9396494210E+005
Total Intermolecular                    -0.3337999706E+007  -0.3331902351E+007

Intramolecular       
 Lennard Jones                           0.0000000000E+000   0.0000000000E+000
 Electrostatic                           0.0000000000E+000   0.0000000000E+000
 Bending                                 0.0000000000E+000   0.0000000000E+000
 Torsion                                 0.0000000000E+000   0.0000000000E+000

Total                                   -0.2954497723E+007  -0.2949275883E+007

##############################################################################                                           

No errors found in bookkeeping.

Total simulation time :  5 days and  10 hours

Simulation finished.

