#   100 bins for weightfunction of H2O_TIP                 
 0.0000000    0.1230631649E+002
 0.0101010    0.1230948607E+002
 0.0202020    0.1231280553E+002
 0.0303030    0.1232214032E+002
 0.0404040    0.1235114003E+002
 0.0505051    0.1237070359E+002
 0.0606061    0.1239730909E+002
 0.0707071    0.1242258352E+002
 0.0808081    0.1246647235E+002
 0.0909091    0.1252157104E+002
 0.1010101    0.1258166413E+002
 0.1111111    0.1265361275E+002
 0.1212121    0.1274402646E+002
 0.1313131    0.1281813851E+002
 0.1414141    0.1289969708E+002
 0.1515152    0.1301933304E+002
 0.1616162    0.1313340840E+002
 0.1717172    0.1325827594E+002
 0.1818182    0.1339008320E+002
 0.1919192    0.1354199412E+002
 0.2020202    0.1369658553E+002
 0.2121212    0.1386683243E+002
 0.2222222    0.1402938444E+002
 0.2323232    0.1421318872E+002
 0.2424242    0.1440211074E+002
 0.2525253    0.1459137141E+002
 0.2626263    0.1477848063E+002
 0.2727273    0.1494373012E+002
 0.2828283    0.1511452614E+002
 0.2929293    0.1529612514E+002
 0.3030303    0.1545028210E+002
 0.3131313    0.1558627347E+002
 0.3232323    0.1571173461E+002
 0.3333333    0.1582371693E+002
 0.3434343    0.1591835916E+002
 0.3535354    0.1601321876E+002
 0.3636364    0.1609056447E+002
 0.3737374    0.1615025678E+002
 0.3838384    0.1620377602E+002
 0.3939394    0.1626643280E+002
 0.4040404    0.1632854860E+002
 0.4141414    0.1639314017E+002
 0.4242424    0.1642148095E+002
 0.4343434    0.1645214697E+002
 0.4444444    0.1650434293E+002
 0.4545455    0.1654072818E+002
 0.4646465    0.1657794805E+002
 0.4747475    0.1661386310E+002
 0.4848485    0.1663447611E+002
 0.4949495    0.1666161941E+002
 0.5050505    0.1669821177E+002
 0.5151515    0.1671780381E+002
 0.5252525    0.1672305539E+002
 0.5353535    0.1674823478E+002
 0.5454545    0.1676873204E+002
 0.5555556    0.1678775385E+002
 0.5656566    0.1680497146E+002
 0.5757576    0.1681790240E+002
 0.5858586    0.1683145912E+002
 0.5959596    0.1685237320E+002
 0.6060606    0.1685217498E+002
 0.6161616    0.1685153356E+002
 0.6262626    0.1687526142E+002
 0.6363636    0.1685823838E+002
 0.6464646    0.1687731764E+002
 0.6565657    0.1688061231E+002
 0.6666667    0.1688137863E+002
 0.6767677    0.1687483013E+002
 0.6868687    0.1687923892E+002
 0.6969697    0.1688322660E+002
 0.7070707    0.1686634471E+002
 0.7171717    0.1685333022E+002
 0.7272727    0.1679266354E+002
 0.7373737    0.1672977555E+002
 0.7474747    0.1662570154E+002
 0.7575758    0.1649165867E+002
 0.7676768    0.1634256603E+002
 0.7777778    0.1615854783E+002
 0.7878788    0.1592966425E+002
 0.7979798    0.1569460575E+002
 0.8080808    0.1542649187E+002
 0.8181818    0.1510984543E+002
 0.8282828    0.1476202656E+002
 0.8383838    0.1438710553E+002
 0.8484848    0.1393754771E+002
 0.8585859    0.1342781939E+002
 0.8686869    0.1289291137E+002
 0.8787879    0.1229057861E+002
 0.8888889    0.1163898062E+002
 0.8989899    0.1093213857E+002
 0.9090909    0.1013525675E+002
 0.9191919    0.9253496363E+001
 0.9292929    0.8332873644E+001
 0.9393939    0.7286641018E+001
 0.9494949    0.6208421368E+001
 0.9595960    0.4968488713E+001
 0.9696970    0.3643495118E+001
 0.9797980    0.2216379299E+001
 0.9898990    0.6971245639E+000
 1.0000000    0.0000000000E+000


#   100 bins for weightfunction of H2_H2                   
 0.0000000    0.1870323978E-002
 0.0101010    0.1734623284E-002
 0.0202020    0.0000000000E+000
 0.0303030    0.1188026784E-001
 0.0404040    0.1015644163E-001
 0.0505051    0.2805718665E-001
 0.0606061    0.5276483470E-001
 0.0707071    0.7117497395E-001
 0.0808081    0.9548432608E-001
 0.0909091    0.1366706979E+000
 0.1010101    0.1637961883E+000
 0.1111111    0.1974970120E+000
 0.1212121    0.2569449571E+000
 0.1313131    0.3044365748E+000
 0.1414141    0.3577220453E+000
 0.1515152    0.4321170007E+000
 0.1616162    0.4977934763E+000
 0.1717172    0.5782837839E+000
 0.1818182    0.6669305016E+000
 0.1919192    0.7507262048E+000
 0.2020202    0.8524341433E+000
 0.2121212    0.9624576362E+000
 0.2222222    0.1079519864E+001
 0.2323232    0.1212361130E+001
 0.2424242    0.1348586113E+001
 0.2525253    0.1466544507E+001
 0.2626263    0.1626697047E+001
 0.2727273    0.1770428790E+001
 0.2828283    0.1928972717E+001
 0.2929293    0.2082130972E+001
 0.3030303    0.2272694684E+001
 0.3131313    0.2418486812E+001
 0.3232323    0.2572023247E+001
 0.3333333    0.2724498486E+001
 0.3434343    0.2885418907E+001
 0.3535354    0.3019402288E+001
 0.3636364    0.3145976321E+001
 0.3737374    0.3259798331E+001
 0.3838384    0.3353677479E+001
 0.3939394    0.3453669445E+001
 0.4040404    0.3541246837E+001
 0.4141414    0.3615477109E+001
 0.4242424    0.3694458290E+001
 0.4343434    0.3758387177E+001
 0.4444444    0.3836867804E+001
 0.4545455    0.3900264073E+001
 0.4646465    0.3943193396E+001
 0.4747475    0.4003509786E+001
 0.4848485    0.4057057218E+001
 0.4949495    0.4123796854E+001
 0.5050505    0.4164348961E+001
 0.5151515    0.4209353146E+001
 0.5252525    0.4256436151E+001
 0.5353535    0.4300593550E+001
 0.5454545    0.4349501282E+001
 0.5555556    0.4384302292E+001
 0.5656566    0.4433742990E+001
 0.5757576    0.4461392847E+001
 0.5858586    0.4506940592E+001
 0.5959596    0.4539598417E+001
 0.6060606    0.4570310795E+001
 0.6161616    0.4601859434E+001
 0.6262626    0.4634163896E+001
 0.6363636    0.4667905624E+001
 0.6464646    0.4696235347E+001
 0.6565657    0.4724001264E+001
 0.6666667    0.4742987738E+001
 0.6767677    0.4769563010E+001
 0.6868687    0.4802191170E+001
 0.6969697    0.4826469652E+001
 0.7070707    0.4850936857E+001
 0.7171717    0.4840235943E+001
 0.7272727    0.4843250241E+001
 0.7373737    0.4837229349E+001
 0.7474747    0.4828840712E+001
 0.7575758    0.4832005855E+001
 0.7676768    0.4841973248E+001
 0.7777778    0.4826807571E+001
 0.7878788    0.4825236807E+001
 0.7979798    0.4822979715E+001
 0.8080808    0.4808612597E+001
 0.8181818    0.4813701593E+001
 0.8282828    0.4816580341E+001
 0.8383838    0.4798659896E+001
 0.8484848    0.4798528866E+001
 0.8585859    0.4789054518E+001
 0.8686869    0.4785350859E+001
 0.8787879    0.4774991929E+001
 0.8888889    0.4769739787E+001
 0.8989899    0.4752941975E+001
 0.9090909    0.4754966738E+001
 0.9191919    0.4746637103E+001
 0.9292929    0.4738261906E+001
 0.9393939    0.4734465582E+001
 0.9494949    0.4733015042E+001
 0.9595960    0.4720532686E+001
 0.9696970    0.4710195021E+001
 0.9797980    0.4697144859E+001
 0.9898990    0.4694178451E+001
 1.0000000    0.4694111851E+001


