 0.0000000   0.3133161604E-003   0.9072942116E+000
 0.0101010   0.3125278268E-003   0.9078844311E+000
 0.0202020   0.3133745659E-003   0.9133710579E+000
 0.0303030   0.3089153896E-003   0.9088183633E+000
 0.0404040   0.3018107610E-003   0.9140431138E+000
 0.0505051   0.2974336587E-003   0.9185830339E+000
 0.0606061   0.2884423030E-003   0.9148331337E+000
 0.0707071   0.2775022389E-003   0.9026636727E+000
 0.0808081   0.2655452785E-003   0.9025239521E+000
 0.0909091   0.2536667005E-003   0.9109880240E+000
 0.1010101   0.2386392135E-003   0.9101000000E+000
 0.1111111   0.2215774901E-003   0.9080710579E+000
 0.1212121   0.2049211126E-003   0.9192784431E+000
 0.1313131   0.1887834783E-003   0.9120335329E+000
 0.1414141   0.1712377277E-003   0.8975666667E+000
 0.1515152   0.1549822112E-003   0.9156011976E+000
 0.1616162   0.1377875643E-003   0.9123822355E+000
 0.1717172   0.1224952484E-003   0.9189996008E+000
 0.1818182   0.1070160327E-003   0.9159844311E+000
 0.1919192   0.9267435150E-004   0.9233638723E+000
 0.2020202   0.7955361754E-004   0.9251485030E+000
 0.2121212   0.6784696565E-004   0.9354471058E+000
 0.2222222   0.5753322518E-004   0.9332606786E+000
 0.2323232   0.4822860811E-004   0.9401868263E+000
 0.2424242   0.4025859492E-004   0.9480163673E+000
 0.2525253   0.3374377963E-004   0.9601648703E+000
 0.2626263   0.2836445008E-004   0.9731660679E+000
 0.2727273   0.2366662327E-004   0.9578904192E+000
 0.2828283   0.2014702822E-004   0.9673113772E+000
 0.2929293   0.1719213744E-004   0.9898117764E+000
 0.3030303   0.1479847637E-004   0.9940065868E+000
 0.3131313   0.1304776726E-004   0.1004081038E+001
 0.3232323   0.1163304829E-004   0.1014876447E+001
 0.3333333   0.1053844007E-004   0.1028322355E+001
 0.3434343   0.9582569902E-005   0.1027868463E+001
 0.3535354   0.8832191579E-005   0.1041648104E+001
 0.3636364   0.8242101899E-005   0.1050222555E+001
 0.3737374   0.7701271752E-005   0.1041669261E+001
 0.3838384   0.7273997475E-005   0.1037967265E+001
 0.3939394   0.6859038907E-005   0.1042042116E+001
 0.4040404   0.6573248746E-005   0.1062621557E+001
 0.4141414   0.6292530910E-005   0.1085114770E+001
 0.4242424   0.6017092177E-005   0.1067444311E+001
 0.4343434   0.5777265296E-005   0.1056814970E+001
 0.4444444   0.5580288417E-005   0.1075478443E+001
 0.4545455   0.5425192990E-005   0.1084331737E+001
 0.4646465   0.5255031653E-005   0.1090151098E+001
 0.4747475   0.5086860753E-005   0.1093852894E+001
 0.4848485   0.4965551131E-005   0.1090005389E+001
 0.4949495   0.4842749535E-005   0.1092298603E+001
 0.5050505   0.4737953462E-005   0.1108490619E+001
 0.5151515   0.4649051624E-005   0.1109211377E+001
 0.5252525   0.4556555455E-005   0.1092867066E+001
 0.5353535   0.4497843083E-005   0.1106293214E+001
 0.5454545   0.4416396607E-005   0.1108755689E+001
 0.5555556   0.4339586266E-005   0.1110394212E+001
 0.5656566   0.4282925330E-005   0.1114928144E+001
 0.5757576   0.4239577853E-005   0.1118007784E+001
 0.5858586   0.4207819363E-005   0.1124778244E+001
 0.5959596   0.4169428563E-005   0.1138070659E+001
 0.6060606   0.4138358706E-005   0.1129366068E+001
 0.6161616   0.4099717442E-005   0.1118103393E+001
 0.6262626   0.4098091684E-005   0.1144496806E+001
 0.6363636   0.4053585067E-005   0.1112959082E+001
 0.6464646   0.4056019474E-005   0.1135078643E+001
 0.6565657   0.4037077059E-005   0.1133505988E+001
 0.6666667   0.4052186569E-005   0.1138620559E+001
 0.6767677   0.4051611552E-005   0.1131028144E+001
 0.6868687   0.4031518710E-005   0.1130391816E+001
 0.6969697   0.4042769496E-005   0.1138075649E+001
 0.7070707   0.4069200029E-005   0.1126339920E+001
 0.7171717   0.4172292888E-005   0.1139942914E+001
 0.7272727   0.4388200321E-005   0.1128359681E+001
 0.7373737   0.4738268096E-005   0.1144112774E+001
 0.7474747   0.5221509900E-005   0.1136178443E+001
 0.7575758   0.5873052994E-005   0.1117635729E+001
 0.7676768   0.6816300301E-005   0.1117467665E+001
 0.7777778   0.8093545307E-005   0.1103842116E+001
 0.7878788   0.9887996685E-005   0.1072688423E+001
 0.7979798   0.1240124760E-004   0.1063520958E+001
 0.8080808   0.1609633462E-004   0.1055765070E+001
 0.8181818   0.2160937038E-004   0.1032677246E+001
 0.8282828   0.2996439614E-004   0.1011281836E+001
 0.8383838   0.4331431063E-004   0.1004782236E+001
 0.8484848   0.6560512070E-004   0.9708179641E+000
 0.8585859   0.1031214607E-003   0.9165938124E+000
 0.8686869   0.1732096133E-003   0.9017626747E+000
 0.8787879   0.3056605100E-003   0.8713041916E+000
 0.8888889   0.5750963769E-003   0.8544481038E+000
 0.8989899   0.1158160001E-002   0.8486644711E+000
 0.9090909   0.2530616564E-002   0.8358193613E+000
 0.9191919   0.5843797630E-002   0.7991670659E+000
 0.9292929   0.1502879349E-001   0.8185499002E+000
 0.9393939   0.4158373269E-001   0.7955572854E+000
 0.9494949   0.1286858999E+000   0.8375564870E+000
 0.9595960   0.4313375355E+000   0.8124646707E+000
 0.9696970   0.1597093859E+001   0.7996137725E+000
 0.9797980   0.6624891560E+001   0.7960495010E+000
 0.9898990   0.3061601588E+002   0.8052041916E+000
 1.0000000   0.6052920256E+002   0.7928023952E+000


 0.0000000   0.4979870225E+001   0.1045732934E+001
 0.0101010   0.4970746792E+001   0.1043675449E+001
 0.0202020   0.4957363382E+001   0.1039061477E+001
 0.0303030   0.4940679605E+001   0.1047940719E+001
 0.0404040   0.4877449468E+001   0.1032747505E+001
 0.0505051   0.4834867362E+001   0.1042221756E+001
 0.0606061   0.4744201910E+001   0.1048260279E+001
 0.0707071   0.4615416971E+001   0.1038753094E+001
 0.0808081   0.4531060169E+001   0.1044861277E+001
 0.0909091   0.4381761308E+001   0.1052917964E+001
 0.1010101   0.4215522623E+001   0.1040824950E+001
 0.1111111   0.4067939756E+001   0.1038811776E+001
 0.1212121   0.3868734306E+001   0.1048453493E+001
 0.1313131   0.3671879478E+001   0.1043503792E+001
 0.1414141   0.3466376832E+001   0.1039017764E+001
 0.1515152   0.3247100978E+001   0.1048461078E+001
 0.1616162   0.3019839990E+001   0.1041270060E+001
 0.1717172   0.2788404223E+001   0.1042057485E+001
 0.1818182   0.2558574241E+001   0.1044799002E+001
 0.1919192   0.2335290887E+001   0.1036973653E+001
 0.2020202   0.2119548357E+001   0.1041936527E+001
 0.2121212   0.1896740460E+001   0.1040850699E+001
 0.2222222   0.1693153771E+001   0.1044519162E+001
 0.2323232   0.1499837000E+001   0.1056711178E+001
 0.2424242   0.1304141073E+001   0.1052927745E+001
 0.2525253   0.1140567303E+001   0.1036152295E+001
 0.2626263   0.9845847113E+000   0.1049806188E+001
 0.2727273   0.8438968738E+000   0.1038884631E+001
 0.2828283   0.7171304020E+000   0.1034500798E+001
 0.2929293   0.6120157484E+000   0.1028989820E+001
 0.3030303   0.5173629351E+000   0.1052457485E+001
 0.3131313   0.4416067764E+000   0.1039349701E+001
 0.3232323   0.3765880118E+000   0.1033409581E+001
 0.3333333   0.3219534559E+000   0.1029006786E+001
 0.3434343   0.2775902566E+000   0.1042116367E+001
 0.3535354   0.2404524350E+000   0.1032118164E+001
 0.3636364   0.2124909659E+000   0.1035168663E+001
 0.3737374   0.1887219867E+000   0.1030209182E+001
 0.3838384   0.1693861336E+000   0.1015668463E+001
 0.3939394   0.1535947700E+000   0.1017832934E+001
 0.4040404   0.1404137590E+000   0.1015650100E+001
 0.4141414   0.1294215001E+000   0.1008274251E+001
 0.4242424   0.1199189114E+000   0.1011022954E+001
 0.4343434   0.1111030892E+000   0.9985353293E+000
 0.4444444   0.1037544484E+000   0.1008620359E+001
 0.4545455   0.9723338669E-001   0.1007091816E+001
 0.4646465   0.9119418783E-001   0.9859724551E+000
 0.4747475   0.8615898733E-001   0.9894487026E+000
 0.4848485   0.8139728408E-001   0.9861840319E+000
 0.4949495   0.7734915765E-001   0.1001816766E+001
 0.5050505   0.7307485336E-001   0.9856261477E+000
 0.5151515   0.6976752224E-001   0.9843343313E+000
 0.5252525   0.6631451348E-001   0.9807217565E+000
 0.5353535   0.6314973270E-001   0.9760814371E+000
 0.5454545   0.6072176578E-001   0.9855968064E+000
 0.5555556   0.5797839389E-001   0.9743948104E+000
 0.5656566   0.5562951904E-001   0.9823039920E+000
 0.5757576   0.5353493723E-001   0.9718205589E+000
 0.5858586   0.5169631618E-001   0.9821764471E+000
 0.5959596   0.4986816047E-001   0.9788956088E+000
 0.6060606   0.4814608925E-001   0.9745682635E+000
 0.6161616   0.4652888273E-001   0.9720201597E+000
 0.6262626   0.4487488750E-001   0.9682459082E+000
 0.6363636   0.4350480203E-001   0.9708974052E+000
 0.6464646   0.4219967717E-001   0.9688325349E+000
 0.6565657   0.4099630544E-001   0.9677047904E+000
 0.6666667   0.3978672943E-001   0.9571546906E+000
 0.6767677   0.3865189426E-001   0.9548962076E+000
 0.6868687   0.3776079335E-001   0.9638217565E+000
 0.6969697   0.3648042799E-001   0.9540245509E+000
 0.7070707   0.3611874521E-001   0.9679618762E+000
 0.7171717   0.3618854778E-001   0.9595097804E+000
 0.7272727   0.3608725444E-001   0.9597125749E+000
 0.7373737   0.3629904859E-001   0.9595502994E+000
 0.7474747   0.3640185309E-001   0.9542295409E+000
 0.7575758   0.3638042164E-001   0.9566910180E+000
 0.7676768   0.3649970122E-001   0.9694425150E+000
 0.7777778   0.3660222774E-001   0.9575333333E+000
 0.7878788   0.3675282110E-001   0.9599638723E+000
 0.7979798   0.3698409603E-001   0.9638267465E+000
 0.8080808   0.3713071914E-001   0.9538449102E+000
 0.8181818   0.3733521344E-001   0.9639914172E+000
 0.8282828   0.3751181614E-001   0.9713435130E+000
 0.8383838   0.3779779158E-001   0.9613652695E+000
 0.8484848   0.3799023406E-001   0.9661333333E+000
 0.8585859   0.3824811232E-001   0.9635193613E+000
 0.8686869   0.3854379246E-001   0.9673784431E+000
 0.8787879   0.3880092490E-001   0.9637962076E+000
 0.8888889   0.3899006246E-001   0.9634209581E+000
 0.8989899   0.3913124538E-001   0.9508031936E+000
 0.9090909   0.3954392579E-001   0.9627778443E+000
 0.9191919   0.3992413945E-001   0.9639718563E+000
 0.9292929   0.4026099982E-001   0.9639978044E+000
 0.9393939   0.4053030650E-001   0.9667688623E+000
 0.9494949   0.4094986161E-001   0.9753606786E+000
 0.9595960   0.4127454253E-001   0.9708990020E+000
 0.9696970   0.4152687453E-001   0.9667884232E+000
 0.9797980   0.4215343513E-001   0.9686514970E+000
 0.9898990   0.4221935404E-001   0.9672926148E+000
 1.0000000   0.4276708321E-001   0.9797764471E+000


