Simulation state at cycle:    2000000
##############################################################################                                           

Number-of-molecules: 334   

Box-size(s):    21.576673

------------------------------------------------------------------------------                                           

Deltas
Translation per molecule type
Box 1    0.3030870040E+000   0.2356989868E+000   0.1649874444E+000   0.2368996032E+001

Rotation per molecule type
Box 1    0.2205053537E+002   0.9000000000E+002   0.7872459795E+001   0.1800000000E+003

Volume    Delta_Volume
Box 1   0.1385676253E+003

------------------------------------------------------------------------------                                           

Molecules in box 1
##############################################################################                                           
Moleculetype  1
Number-of-molecules: 300   
Atomtype         X                  Y                   Z
  1       10.2620611956       20.0610738881        2.2699324947
  2        9.4956752052       20.1087146864        1.6984331116
  2       10.5852015362       20.9610207173        2.3135753828
  3       10.2035801266       20.1860969706        2.2002880162
  1        8.8185185005        4.7676159560        8.0707553446
  2        8.3237726742        4.5467260915        8.8598452711
  2        8.8751180310        3.9448831333        7.5848172082
  3        8.7607102315        4.6299221728        8.1107526707
  1        7.0210163169        1.7378544900        8.9594750164
  2        6.8032352625        1.1143540363        9.6523294553
  2        6.4993871215        1.4541952409        8.2086960278
  3        6.9234597997        1.6181653983        8.9518325509
  1        1.0768351131        8.5986790828       11.5573553914
  2        1.3000410882        9.3741883832       12.0721301912
  2        1.6957750823        8.6089493733       10.8272618956
  3        1.1879464012        8.7023534912       11.5289466128
  1        0.8992391105       12.1388329365       19.6429524247
  2        0.6466994334       12.8886362921       20.1816984838
  2        1.7139719260       12.4105369995       19.2203225412
  3        0.9734139067       12.2736088692       19.6582725933
  1        1.1833650378        3.0830610596       10.0721063080
  2        1.2336620253        2.2767888066        9.5586630842
  2        0.2479592974        3.2073320427       10.2327347628
  3        1.0665853105        2.9930789845       10.0255565339
  1       18.5725129233        1.7270778365       12.4812035100
  2       18.0165401726        2.0521544815       11.7730734708
  2       17.9580609699        1.3921645873       13.1342812920
  3       18.4180891000        1.7257800119       12.4739400098
  1        3.3221110374       18.7679178597       16.6589140217
  2        2.4925359201       18.4040060089       16.3497183451
  2        3.8601967360       18.8421865284       15.8707664324
  3        3.2836524246       18.7297028362       16.5141324377
  1       19.1134719179        8.1008101696       17.5385920758
  2       19.7463204117        7.4628894043       17.2087609706
  2       18.8345521863        7.7474519361       18.3833230502
  3       19.1601686703        7.9700225226       17.6065270793
  1       17.1003177484       11.2038604241        1.1004080162
  2       17.7997298601       10.7740558525        0.6081485265
  2       16.3240451400       10.6704293009        0.9298772239
  3       17.0901769066       11.0767727624        1.0129606059
  1       16.6829863316        8.8542695709        9.2725307509
  2       17.3483554068        9.2655266738        9.8242374356
  2       16.1559375703        8.3343984251        9.8793110011
  3       16.7012360760        8.8399392208        9.4253795255
  1        3.3624324261       11.7699242210        6.0644374402
  2        4.2936060758       11.5837791960        5.9440449959
  2        3.3070720990       12.1640319748        6.9349792195
  3        3.4779857303       11.7973624659        6.1634108539
  1        2.4520627322       14.6079757789        8.6144336176
  2        2.5869665931       15.1347462776        9.4021787965
  2        3.1313127710       13.9348712946        8.6566048740
  3        2.5594807981       14.5886687244        8.7239313653
  1       10.3246069900        5.8894415702        0.0163628724
  2        9.5570494975        5.8094995401        0.5826608897
  2       11.0368504655        6.1278530549        0.6097412277
  3       10.3173089537        5.9103497576        0.1693685794
  1        1.3387651895       15.1421823257       17.4464844653
  2        1.5439772453       15.2425547800       18.3760230925
  2        0.3829722509       15.1011435605       17.4147929015
  3        1.2397348382       15.1500107107       17.5649448633
  1       12.1889591009       13.9922866536       21.5035735546
  2       12.5654024162       13.1169440123       21.5946469732
  2       12.8656644781       14.4990330821       21.0546787267
  3       12.3279097289       13.9436547029       21.4563632130
  1       19.7768495783       18.7369230482        4.9964188971
  2       20.5109466485       18.8054461085        4.3859807277
  2       19.5639239292       17.8038364595        5.0119354306
  3       19.8456120396       18.6228540225        4.9179259592
  1       21.2585888220       14.1568896961       21.2916770514
  2       21.2578810437       14.1193388794       22.2481382959
  2       20.5843212716       14.8012538341       21.0763010896
  3       21.1695337375       14.2369516025       21.3894545696
  1       21.3395760694       15.0614416781       13.8085323447
  2       21.0381358554       15.6499592463       13.1164271892
  2       21.6405702290       15.6446747912       14.5052893530
  3       21.3395172178       15.2160404486       13.8091461021
  1       12.7486434735       18.7068561856       13.7538577038
  2       12.9406108138       18.9007690441       12.8363747228
  2       12.0826712046       18.0201634954       13.7197583906
  3       12.6861040781       18.6418396617       13.6283075718
  1        5.4219312873        0.0069225762       18.9378034934
  2        5.9267372307       -0.3669288663       18.2155606427
  2        5.1163053825        0.8509109868       18.6053805007
  3        5.4482107592        0.0689516396       18.7986526951
  1        6.5844957896       19.4154103303       12.5436995806
  2        6.3271021339       19.2732910326       11.6327773621
  2        6.6441508417       20.3667879241       12.6305939160
  3        6.5584064982       19.5221824786       12.4349787583
  1       16.7101572179        2.8449113119       19.4461452396
  2       16.3904508401        3.5895839790       19.9555361777
  2       17.4077976226        2.4688021754       19.9828653343
  3       16.7600211837        2.8935389505       19.5841673308
  1       16.0215611516       15.8328245710       18.1040558314
  2       15.9675567639       16.5949940611       18.6806058044
  2       16.3217264762       15.1231307872       18.6719151345
  3       16.0540392025       15.8397481255       18.2550472239
  1        7.1707805822        3.6891667379       13.5864758207
  2        7.9913369776        4.1705190526       13.4805710145
  2        7.0857817247        3.1795441265       12.7806913179
  3        7.2678287792        3.6854368036       13.4661891006
  1       13.0151484187       13.1240883847       16.5736845709
  2       13.6723304385       12.7858305116       17.1818967715
  2       12.1851618431       12.7753541172       16.8988543295
  3       12.9923488826       13.0334478227       16.6968333820
  1       12.6435033447       16.9735446033        1.0298029671
  2       12.7756275007       17.6028906006        1.7388131927
  2       11.9450309110       17.3546322443        0.4976966374
  3       12.5687803266       17.1068594805        1.0531433630
  1        7.4365186225        6.0075198311       19.0807386672
  2        6.9018256965        5.2210877454       19.1896272629
  2        7.4386708241        6.4178924544       19.9455035803
  3        7.3662561148        5.9579031921       19.2092008373
  1        6.5059121023        4.1766947768        5.3361173812
  2        6.9458732100        4.8272760599        5.8832982422
  2        7.0712977026        3.4054881171        5.3786389986
  3        6.6385558186        4.1607796720        5.4139217124
  1       11.1238797421        5.0761622274        4.3609709443
  2       10.1808669246        5.0035201008        4.2137343174
  2       11.2073795155        5.7092672639        5.0740168596
  3       11.0104770687        5.1501087402        4.4356228491
  1       20.7653972882        0.5331270766        8.6164900901
  2       20.6468322896       -0.1985676423        8.0108550050
  2       21.0154370071        0.1217628853        9.4438281818
  3       20.7827438368        0.3823138491        8.6457412036
  1        5.7604415102       16.6550296876       17.7340336369
  2        6.0601322519       16.6350174177       16.8251807086
  2        5.4533211247       15.7647293550       17.9051215188
  3        5.7594612558       16.5349246078       17.6366941850
  1        8.6303943292       15.3771698314        4.2021453476
  2        8.6517081082       16.3339178890        4.2223333129
  2        9.1669445700       15.1093714730        4.9482194427
  3        8.7039979490       15.4680686703        4.3032446466
  1       17.3387682843        4.4486471271        2.7714303705
  2       17.1143781983        3.7629646598        3.4004910356
  2       17.5455671587        5.2114267605        3.3114582710
  3       17.3364473301        4.4588191947        2.9256779061
  1        7.1980663807        3.2294616314       16.9787671787
  2        7.5211606131        2.4363905586       17.4064084623
  2        7.0050326934        2.9567918815       16.0817622289
  3        7.2152263454        3.0888496194       16.9168401435
  1        4.7025477158        2.2481658846       12.6642429881
  2        4.3350797953        2.9266498519       12.0978018964
  2        5.4136799829        2.6855931208       13.1324064091
  3        4.7478901989        2.3953972904       12.6512764012
  1       17.1222199527        0.6664813303       14.6067821826
  2       16.3696084203        0.1760397474       14.2762196139
  2       16.7621106633        1.2209354936       15.2989747551
  3       16.9754094804        0.6749270401       14.6544950236
  1       13.0651888021       11.7286864160        9.1309332676
  2       13.3057113451       12.2172660388        9.9181229115
  2       12.7295055325       10.8946110775        9.4593594376
  3       13.0526334595       11.6831023052        9.2781257002
  1        3.0715321240        5.8234461931        7.6011178290
  2        3.6338848482        5.1061506214        7.3087564886
  2        2.5812339915        6.0779298031        6.8194052793
  3        3.0810388830        5.7623835785        7.4594063664
  1       10.8712679763       18.5112852156       21.3717913125
  2       10.6633987193       18.7258346666       22.2811798884
  2       11.5598597496       19.1308095363       21.1304209275
  3       10.9346936787       18.6213314752       21.4599284842
  1        9.4936695393        0.6819823468        4.5698786181
  2       10.2680555274        1.1300636263        4.9101405544
  2        9.2986676777        0.0101748941        5.2232373996
  3        9.5701124849        0.6524643001        4.7009752274
  1       14.7450760176       12.0253577579       18.3009928343
  2       15.2444656881       11.4008797795       17.7748123630
  2       15.4050612767       12.6183292376       18.6602044140
  3       14.8980419527       12.0212008446       18.2789632458
  1        9.4566710431       19.8241313873        6.2889467262
  2        9.3288277584       20.5796145003        6.8626452860
  2       10.3105234651       19.4728232528        6.5414290284
  3        9.5524594405       19.8774575391        6.3979516088
  1        4.0610793977        3.2924289173        6.4305347046
  2        3.4861799535        3.2863751953        5.6652356398
  2        4.8945630470        3.6293914256        6.1019164591
  3        4.0951965532        3.3360884537        6.2862051352
  1        2.6946309534        6.7096841988       12.8537736819
  2        2.0641730154        7.3365649381       12.4991301933
  2        2.4072592014        6.5641561060       13.7551435989
  3        2.5735340820        6.7731930394       12.9259078270
  1        6.1107076468       10.7227564430        5.6187148146
  2        6.4498806859       11.3719322427        5.0024672121
  2        6.1352668167        9.8970415296        5.1351650179
  3        6.1586978491       10.6994641759        5.4736094364
  1       14.3829055679       13.5466707569        2.1952631466
  2       15.2096824001       13.5519056611        1.7129340655
  2       14.5741923521       13.0552280705        2.9940886151
  3       14.5172271313       13.4825213380        2.2370211359
  1        2.5399897885       15.7245801600        2.6698493688
  2        3.1755770755       15.1032464786        3.0250984843
  2        2.9697723601       16.0924792716        1.8977315917
  3        2.6805528562       15.6911424385        2.6148484342
  1       19.5074995182        9.8851371205       14.9105484941
  2       19.7073170270        9.3270487607       15.6621062249
  2       19.1112396629        9.2934826787       14.2708987263
  3       19.4815812527        9.7334420318       14.9253134384
  1       18.5467861643        6.9132485111       20.1660416675
  2       19.2732269141        7.3526072417       20.6081688209
  2       17.7659636724        7.2129545151       20.6315749362
  3       18.5396111307        7.0107594416       20.2857968232
  1       13.5846677081        1.7944624713       14.5189949988
  2       13.7302816358        2.3474581508       15.2866023460
  2       12.7303644884        2.0678430365       14.1848427097
  3       13.4911644612        1.9034931324       14.5761843140
  1       17.8617303883       13.8087786059        6.9807530949
  2       18.7127506495       13.9009720996        7.4091145679
  2       17.8000076590       12.8776814157        6.7674997150
  3       17.9658689477       13.6980950943        7.0091340869
  1       21.2975947529       19.5991856902       11.1908732324
  2       22.0891291900       19.6759289241       10.6581327818
  2       21.0422357243       20.5035478413       11.3729433927
  3       21.3683368145       19.7286310481       11.1446063972
  1       12.6022105561        8.5504943487        4.9842234785
  2       12.3563168122        9.1248798185        4.2590708906
  2       13.2919685039        9.0278922737        5.4452591294
  3       12.6607732361        8.6892648417        4.9493763439
  1        9.1874809829        6.2046922460       13.2208730351
  2        8.3388354793        6.6325791541       13.3346371772
  2        9.7523273920        6.6138030829       13.8764685919
  3        9.1500370182        6.3151242896       13.3223810312
  1       14.8405546078        1.3987723487       11.0146870361
  2       14.1926591240        1.9710093579       11.4257891209
  2       14.3609031376        0.9582169937       10.3132070840
  3       14.6917880011        1.4161461998       10.9763750795
  1       19.1261710670        4.8906398864        7.9126834340
  2       19.3428879440        4.3196661371        8.6497393679
  2       19.9121059176        5.4208297284        7.7806462465
  3       19.2584592122        4.8852589278        7.9925085673
  1        6.7352297139        1.5852640118        3.1544021000
  2        6.7343269255        2.4766592954        2.8056295232
  2        5.8560584623        1.4674133977        3.5141211848
  3        6.6191142581        1.6873241657        3.1558463634
  1       20.1207237571       14.7965021561       16.9815466058
  2       19.7823504085       13.9076068569       16.8738558402
  2       19.4204704456       15.3611373854       16.6543447807
  3       19.9836891411       14.7537198399       16.9241676250
  1        2.1219414133       21.0377805792       15.2145536323
  2        2.4225906255       20.5624870324       15.9891081961
  2        1.5732573468       20.4093111719       14.7452981835
  3        2.0892161210       20.8921519925       15.2548342727
  1        7.1457493538       18.4477251625        5.9186844003
  2        7.9025398340       18.9578709930        6.2072118299
  2        6.4360911087       19.0868047067        5.8539450135
  3        7.1519678999       18.5993519828        5.9482106100
  1       12.9656457738        6.5893065916        8.2490152635
  2       12.8854585512        7.4236729438        8.7112181156
  2       12.2151377036        6.5708099057        7.6551935849
  3       12.8560452650        6.6969510327        8.2316497018
  1       -0.0464029246       14.7839702635        2.6899600643
  2        0.8731987180       14.9494489401        2.8977539608
  2       -0.5333456898       15.2393254197        3.3768131069
  3        0.0106813439       14.8658820121        2.8079982435
  1        9.7500861467        2.9805890868       11.6293779510
  2       10.1867122939        3.5077123080       10.9602536021
  2        9.6728756455        2.1108614586       11.2371521637
  3        9.7975068292        2.9353864503       11.4893452386
  1       19.4451253841       13.0864476180       13.9563321910
  2       19.8659666378       12.5844266602       13.2584093628
  2       20.0758491641       13.7735343139       14.1715717377
  3       19.5838670669       13.1108648733       13.8926477886
  1        5.5857981363       17.4443965129        8.1251398761
  2        4.7442166126       17.5460462480        7.6805765541
  2        6.2373669520       17.5423623529        7.4308132603
  3        5.5607281863       17.4707334487        7.9748766956
  1        5.4119581920       12.7267944424       15.9821459993
  2        5.4438860745       13.5673765512       16.4389074311
  2        6.3255540522       12.4454163651       15.9331801055
  3        5.5367089692       12.8005748610       16.0359498415
  1       10.1621855451       11.1232353611       13.6692787776
  2       10.3229876544       10.5746798265       14.4370405792
  2       10.9042912919       11.7273705648       13.6462919765
  3       10.2813136554       11.1305684471       13.7675431108
  1       19.8664426752        3.7568743336       17.3634016968
  2       19.9892672903        4.2694324917       16.5643854733
  2       20.2966520627        2.9214560651       17.1811247740
  3       19.9394090308        3.7142767257       17.2339315660
  1        8.1647420139       15.3478252414       20.1904323508
  2        8.3373069977       16.1683764883       19.7287553486
  2        8.1256898400       15.5957934023       21.1141289437
  3        8.1823574645       15.4888038551       20.2513904213
  1        9.2450760083       11.8808494786        5.3731888847
  2        9.7969201925       11.5280841844        4.6751535557
  2        8.4226031493       12.1059162864        4.9383187831
  3        9.2093697262       11.8640011598        5.2237152898
  1       12.6067038175       16.2947289359       11.5102576513
  2       12.7653311792       17.2049360440       11.2600795999
  2       11.9687371271       16.3491006521       12.2217848084
  3       12.5434606105       16.4219938078       11.5711272592
  1       11.3174533586        9.9558512296       16.4715358756
  2       10.7850545082        9.3152227332       16.9431027008
  2       12.2151969922        9.6372006539       16.5650605022
  3       11.3656563212        9.8292855979       16.5460930703
  1        0.7343926718       10.4772845997        8.7515503623
  2        1.2980476378        9.7047020594        8.7920222622
  2        0.2612797117       10.3861246797        7.9244574577
  3        0.7463386284       10.3633239044        8.6477649393
  1       14.3216629800       10.4073941783       13.0752543768
  2       14.9542034974       10.1634122358       13.7509717603
  2       14.7707721934       11.0741015209       12.5556093916
  3       14.4643739860       10.4631678409       13.0958463007
  1       11.4725121494        2.3741566687        5.4532253615
  2       12.3066009413        2.0946865499        5.0758382700
  2       11.4049811084        3.3015205238        5.2259270649
  3       11.5736504612        2.4596386544        5.3734442109
  1        5.8826276861        0.2106153914       10.9933157404
  2        5.7781820031        0.9513747454       11.5904717968
  2        5.0257429279       -0.2159378925       10.9878858250
  3        5.7557914003        0.2520712002       11.0713870702
  1        6.6964189211       10.1406674256       13.1195489286
  2        6.3255426514        9.2927764445       12.8750896197
  2        7.5816232071        9.9372912028       13.4216749965
  3        6.7642784754       10.0019650380       13.1271573816
  1        9.3741465703        0.3454775014       10.9551236791
  2       10.2144695787        0.2247889809       11.3973003401
  2        9.5565195526        0.1507198941       10.0358640604
  3        9.5090793211        0.3038580816       10.8921781739
  1        9.1213184855        2.8459248946       -0.1935594302
  2       10.0208682643        2.6630846518       -0.4648679594
  2        9.1522588578        2.8350236471        0.7630766203
  3        9.2440857564        2.8203629755       -0.1031384952
  1       13.1825277779        6.2243537834       12.6700212025
  2       13.2733880897        6.2353860820       13.6228335497
  2       12.3942437969        6.7394185597       12.4981336858
  3       13.0905108980        6.2937661271       12.7730550821
  1        2.6885893174       18.2189692968        4.2717177697
  2        2.6331181417       17.3131238107        3.9674225497
  2        3.4726456026       18.5671675617        3.8471681416
  3        2.7847175842       18.1453942811        4.1755552334
  1       10.9415520174       16.5659003449       13.6128527168
  2       10.1262373780       17.0219201818       13.8215070337
  2       11.2597152186       16.2449186742       14.4566368251
  3       10.8759587113       16.5837170484       13.7517096334
  1        1.2433598784       17.8150760048       15.0373574606
  2        0.7592566742       18.5771267747       14.7193143995
  2        1.6640569776       17.4550257850       14.2565844674
  3        1.2349941859       17.8681152663       14.8923815594
  1        7.1408761045       12.6904718164        3.9415275243
  2        6.9369542648       13.6236859791        4.0028128142
  2        7.2527874498       12.5303051982        3.0044836715
  3        7.1287363981       12.7924663805        3.8259814451
  1        0.5853198959        9.1240895348        3.1453471153
  2        0.6334098193        9.9126273395        2.6048619937
  2        1.2564080438        9.2514587959        3.8159039332
  3        0.6802070143        9.2449327385        3.1625085513
  1       16.6408552258        9.3782936870       17.5155186361
  2       17.4599987698        8.9432440708       17.2789507543
  2       16.3246412698        9.7569694203       16.6952491072
  3       16.7072108910        9.3708558138       17.3760813249
  1       17.9815897641       16.0388179381       15.6591039097
  2       17.4391090989       16.7396928476       16.0206530297
  2       18.0603041123       16.2516794603       14.7291992368
  3       17.9204012335       16.1593747521       15.5841160551
  1       19.4349595275        8.7466058040        2.5427171094
  2       20.3596307089        8.8547494750        2.7652408825
  2       19.0197071700        9.5550702196        2.8430160357
  3       19.5021713714        8.8675414992        2.6116974375
  1        3.6436236439       12.1324402677        1.2138840607
  2        4.1997462798       11.3868375266        0.9879795605
  2        3.8307306305       12.7846550420        0.5387281226
  3        3.7416840826       12.1201188199        1.0949996955
  1       12.5196836395        9.0231253833        9.2803978683
  2       12.0670312283        8.8309968187       10.1016293133
  2       11.8183952956        9.1128943858        8.6351344634
  3       12.3674346800        9.0096202386        9.3036147890
  1       20.5084769588        2.9872747712       14.0837279631
  2       20.4906847502        2.1175366325       14.4830620141
  2       19.8318129249        2.9547509149       13.4074908295
  3       20.4168515960        2.8682318747       14.0471938464
  1       20.1259451277        3.4386369886       10.1430311001
  2       19.7734930835        2.6977151250       10.6360230123
  2       19.8438185918        4.2099801725       10.6346233978
  3       20.0422199208        3.4426507253       10.2729354482
  1        3.5531104158        4.4304752279       11.1961942320
  2        2.8102131976        4.1102841716       10.6845204223
  2        3.1673002646        5.0442517826       11.8212202676
  3        3.4041907059        4.4692103939       11.2111497298
  1       16.9003946065       17.8979898349        3.2290025121
  2       17.3614495446       17.4104169422        2.5464120819
  2       16.3750322664       17.2383428605        3.6818699956
  3       16.8919099985       17.7466276178        3.1986932614
  1       10.9485218103        7.0727408309        6.5394542934
  2       11.4069583715        7.7494798909        6.0413691189
  2       10.0513010401        7.3973605170        6.6159109855
  3       10.8906293761        7.2048583824        6.4838253562
  1       14.0363173975       18.7282319812        3.0092496748
  2       14.8018951323       18.1607518052        3.0991699659
  2       13.7284529860       18.8597938668        3.9059880152
  3       14.0967073065       18.6707176714        3.1394277184
  1        8.5543454011       16.5690184739        1.2605114751
  2        7.7007983142       16.6331461317        1.6889664795
  2        9.0629874968       15.9867083304        1.8248046543
  3        8.5088392295       16.5006503676        1.3914929638
  1       15.2534469326        0.6916142903       19.2019747828
  2       15.8823365141        1.3938543434       19.3680635512
  2       14.3988541674        1.1212493837       19.2382179771
  3       15.2236680426        0.8409519513       19.2286701141
  1       10.4987861355       14.2557387667        6.3052140450
  2       10.1749129945       13.4099167842        5.9955044401
  2       11.4518863349       14.1775299776        6.2638368522
  3       10.5818052719       14.1338237352        6.2588922565
  1       10.9743855868        7.4510167640       11.7102335358
  2       10.8529158308        8.3551682753       12.0000331559
  2       10.2716400285        6.9644420263       12.1410726960
  3       10.8656400352        7.5061111256       11.8053133776
  1        4.7402815354        9.5565367408        2.7988037023
  2        5.5456018122        9.2360666946        3.2049894703
  2        4.0588529870        9.3846716723        3.4486853904
  3        4.7566275971        9.4915788921        2.9381394269
  1       15.4688906761        3.2894029414        0.9266366050
  2       15.6488568269        3.9641541602        0.2719980375
  2       16.2026790537        3.3469434125        1.5385780957
  3       15.5894498777        3.3860202480        0.9210032261
  1        9.2505818459        7.4003778624        9.6048811881
  2        9.2827648412        6.6224576586        9.0480750385
  2        9.8783142003        7.2206696840       10.3047995682
  3        9.3376499426        7.2740300199        9.6237631698
  1       20.7535578916        8.1241461963        0.0367294610
  2       20.3114481169        8.2378345359        0.8780632743
  2       21.5630822930        7.6608009778        0.2516948746
  3       20.8020339458        8.0780130688        0.1760957651
  1        9.9019037860        4.8035341249       18.9919564270
  2        9.0567321063        5.2514983063       18.9567200686
  2       10.2428498903        5.0025808008       19.8639454474
  3        9.8353771304        4.8888996251       19.1023561347
  1       15.6735344314        6.1299441003        7.8310044923
  2       14.7416470941        6.3384647955        7.8968359981
  2       15.7284604897        5.5008596296        7.1116544150
  3       15.5578296679        6.0744556387        7.7447803755
  1       18.6881987418       20.5950474453       18.1532426086
  2       18.9152581580       20.3791525315       17.2487747625
  2       19.5297127350       20.6441915985       18.6067486487
  3       18.8291844804       20.5730466366       18.0937434832
  1       17.7163077550       10.9443381061        6.7455827442
  2       18.5050952188       10.9408149314        7.2878286304
  2       16.9946744211       10.9993934750        7.3720353878
  3       17.7251679555       10.9511371752        6.8997788191
  1       14.9968648056        8.0639233208       11.6339856921
  2       14.3420823723        7.4160819779       11.8943512741
  2       14.6778187556        8.8884351480       12.0008896873
  3       14.8683795496        8.0872329208       11.7167465618
  1       17.1316604317        3.4864921205       16.7564933068
  2       16.8904796474        3.3641411112       17.6746930328
  2       18.0405062403        3.7855274311       16.7848809094
  3       17.2197510072        3.5098035435       16.8813844117
  1        1.9255886592        4.0166588402       14.5632722486
  2        0.9802245118        4.1662270989       14.5752989514
  2        2.1287582137        3.6943354049       15.4413715666
  3        1.8276647805        3.9938658192       14.6807139456
  1       19.9067334720       11.7006368291        9.3540949189
  2       20.8405688304       11.5273057837        9.2351976986
  2       19.6924512267       11.2951617130       10.1942744988
  3       20.0016700727       11.6242701392        9.4492596735
  1        8.0393754869       19.2569966302        0.6948601680
  2        8.4315094333       19.5615049292       -0.1235128159
  2        8.4673399149       18.4186274635        0.8686769265
  3        8.1475778565       19.1865599451        0.6098185277
  1       17.0220750789       21.0536545673        9.4918456965
  2       16.3920136096       20.9724244747        8.7758478656
  2       17.2903901462       21.9722707862        9.4723535453
  3       16.9743468805       21.1641378533        9.3948064127
  1       20.7498212931       11.5293245429       12.1784943806
  2       21.3217532817       11.3062395254       12.9129026814
  2       21.3466984006       11.8218577556       11.4897341068
  3       20.9040319559       11.5384874184       12.1845171028
  1       12.7631043148       10.7017735779       19.6270519063
  2       13.6293860895       10.9301949933       19.2899937203
  2       12.8545466743       10.7532331316       20.5784818228
  3       12.8894647906       10.7387005918       19.7081110562
  1       14.2810128261        3.7762647932       16.3033606117
  2       15.2004306473        3.5242720495       16.3893792388
  2       13.9092504281        3.6282874888       17.1729145857
  3       14.3532695412        3.7234934326       16.4294372180
  1        7.5042324938       12.0401641596        1.2313327671
  2        6.9374490927       11.4288398546        0.7609416030
  2        7.6757741282       12.7409342937        0.6022672986
  3        7.4520849746       12.0519654885        1.0862723491
  1        8.6145614215        1.2126458232       18.1531534228
  2        9.4363771307        1.6991877823       18.2173759977
  2        8.3655785714        1.0411763219       19.0613573797
  3        8.6901400042        1.2542159417       18.2814537077
  1       14.4742739267       11.5347448629        4.1527608394
  2       14.2246078054       12.0707713074        4.9054700499
  2       15.3725008880       11.2619164854        4.3397947385
  3       14.5598439290       11.5694707634        4.2767489297
  1       12.8327923097        0.0265355081        9.2780975117
  2       12.4043616153        0.7879693098        8.8870803988
  2       12.8302295265       -0.6328907152        8.5842825760
  3       12.7759277712        0.0399942126        9.1349666362
  1       18.7166451734        5.5212842554       11.5960838157
  2       19.1391454395        6.1310086112       10.9911388496
  2       18.9932670817        5.8142893501       12.4643332103
  3       18.8088861512        5.6403888272       11.6308237494
  1       10.0477899000       12.6204721728        9.4977845566
  2        9.6156519923       13.0177086103       10.2538855540
  2       10.9114209511       13.0323716253        9.4711589023
  3       10.1047203636       12.7272281711        9.5940302793
  1        0.7740424035       15.1800099300        6.6219885647
  2        1.3646871803       14.9098787754        7.3251219688
  2        1.0231244266       14.6340110195        5.8762862029
  3        0.8848345139       15.0723311322        6.6163720896
  1       15.4857216607       17.6736659148       10.3231068294
  2       16.0992822242       17.5992358336        9.5921948820
  2       15.7774106976       17.0114414557       10.9496887861
  3       15.6051587368       17.5764729811       10.3093417097
  1       10.3666097380       18.8892241398       11.3956149561
  2       10.2236746767       18.0076228473       11.7399656586
  2        9.4970259093       19.2892712960       11.3917530328
  3       10.2330197363       18.8256887149       11.4405384603
  1        7.8216939235        0.2931867543       13.2832051414
  2        8.3151413063        0.3954101167       12.4693938970
  2        8.4265550564       -0.1525463414       13.8762428251
  3        7.9666028610        0.2478646707       13.2540766574
  1       12.5078293899       12.2487472799       13.9082836941
  2       13.1139861337       11.5295149027       13.7307802676
  2       12.6944564705       12.5023405903       14.8122136929
  3       12.6124279248       12.1873116619       14.0041271673
  1       19.2262486326       18.1433720784        9.4482767974
  2       19.9487255619       17.5155565536        9.4381067274
  2       19.1562931367       18.4139389181       10.3637703750
  3       19.3123411888       18.0962373011        9.5677236246
  1       11.6915760045       21.2034294926       12.5410931429
  2       12.3031922242       21.6408783856       11.9488155536
  2       11.6401944219       20.3057357906       12.2128636084
  3       11.7654923995       21.1427055837       12.4196430154
  1        9.6349674225        4.2134136898       16.2580717519
  2        9.8691839523        4.2639257324       17.1847970767
  2        8.6888050700        4.0684835265       16.2572189138
  3        9.5410345146        4.2009563253       16.3802297761
  1        6.0188850495       21.2407140896        1.6325814627
  2        6.4825698353       21.8755984026        2.1786098552
  2        6.6381122631       20.5186801737        1.5255610950
  3        6.1617625970       21.2292157208        1.6905034268
  1       13.4468372023        6.4208005576       15.7251783235
  2       13.7233817499        7.1849901081       16.2309115742
  2       13.8897609086        5.6827756728       16.1439462028
  3       13.5417626069        6.4242526786       15.8471554133
  1        9.1616942599        9.7753829951       20.4614368098
  2        9.6419484016       10.2081418928       21.1673435831
  2        9.7976792286        9.1761630209       20.0706846902
  3        9.3089689291        9.7534204068       20.5030177730
  1        4.1456513265       13.9140871418        3.7508860197
  2        3.2752368560       13.5796397505        3.9671087494
  2        4.5286622830       13.2406822341        3.1886964480
  3        4.0813441448       13.7811128421        3.7052397493
  1        7.1381356312        8.7689260120        3.8034201291
  2        6.8736601268        7.8593726673        3.6656010538
  2        7.8357443138        8.9154381575        3.1645891701
  3        7.1952824781        8.6682516680        3.7009502587
  1        1.8882026203        2.0572990647       12.5522565764
  2        1.4461638205        2.3980498543       11.7746195944
  2        1.8863690299        2.7890320337       13.1693401825
  3        1.8296388602        2.1988007281       12.5310734400
  1        1.4755031958       12.5637163618       10.2363879297
  2        1.6153068259       13.2825578544        9.6199866558
  2        1.2825968852       11.8070084508        9.6828457275
  3        1.4684969194       12.5587203317       10.0820275987
  1       20.2356358543       14.1042026963        8.3090125110
  2       21.0833550773       14.0200105924        7.8725351512
  2       20.0771862410       13.2422121869        8.6938433293
  3       20.3265769017       13.9793649889        8.3021983551
  1       10.1861471197       17.8171206772        4.1420219144
  2       10.0799512046       18.4906213701        3.4701975912
  2        9.8167384540       18.2077601763        4.9339604829
  3       10.1233966690       17.9575215047        4.1578695814
  1        1.4121056883       10.3477842350       13.4810097555
  2        2.3285938044       10.6147884249       13.5516282548
  2        1.3245016684        9.6240673217       14.1013226137
  3        1.5214672310       10.2875263434       13.5721700510
  1        8.9279886654       14.3756972185       11.2573954189
  2        8.9968506777       14.3687642642       12.2120883718
  2        8.1199640928       14.8566751610       11.0785513922
  3        8.8304648279       14.4382418993       11.3597595924
  1        0.1516474844       18.7086663510        3.1388438395
  2        1.0453735783       18.5610134319        3.4481672326
  2        0.1555274883       19.6093877685        2.8149386827
  3        0.2700760899       18.8080249141        3.1369199466
  1       13.2119442130       19.2757280905       18.5779350306
  2       12.2677947168       19.2051168595       18.4371356704
  2       13.3008198572       19.4879287801       19.5070747747
  3       13.0991008512       19.2944091602       18.6819473056
  1        7.1150068097       19.1116542763        9.6326454777
  2        6.4084563833       19.7523074674        9.7137544199
  2        6.7020264629       18.3488720685        9.2278749088
  3        6.9672978441       19.0955407838        9.5899421191
  1        4.4949931514       16.0806034279        0.8316254532
  2        4.7452986912       16.6494275754        0.1036042290
  2        4.2414850234       15.2564303675        0.4160522678
  3        4.4945706074       16.0469131313        0.6807415728
  1        0.6356311980        4.1747806910        7.5881719256
  2        1.2071994839        4.8960900576        7.3250157571
  2        0.7351245516        4.1243039635        8.5388463438
  3        0.7241699171        4.2632891962        7.6788819015
  1       20.9109287158       10.8646270436        6.2937447490
  2       20.8567429191       11.3428145562        5.4663214721
  2       21.1540645395        9.9740554953        6.0407705102
  3       20.9358584576       10.8102178028        6.1511989581
  1       13.3347983600        6.3519241130       19.2742952978
  2       13.3271203993        6.4881951009       20.2217128107
  2       12.8884686053        5.5145272887       19.1486569849
  3       13.2748973625        6.2594187755       19.3827194327
  1       18.9853580078        2.2823860617       21.1345258012
  2       18.6012064883        1.5345004652       21.5920445674
  2       18.6467487451        3.0476986431       21.5991429520
  3       18.8899981927        2.2846853481       21.2561908288
  1       14.4462524842       16.9817619800       15.5326244215
  2       15.1577535374       17.5921531754       15.7260605008
  2       13.9470253417       17.4080935009       14.8360310168
  3       14.4742595390       17.1185453929       15.4662387090
  1       17.3880534728        0.3476694060        0.5039072008
  2       17.1902118333       -0.3255508501       -0.1471395329
  2       16.5824873976        0.8602307137        0.5715302823
  3       17.2556655839        0.3264723405        0.4269312871
  1        2.0965681846        1.4767512697        7.5344856324
  2        2.9199463533        1.9477064270        7.4061177708
  2        2.3364654336        0.5522759309        7.4710558698
  3        2.2368549153        1.4169145966        7.5091801836
  1        4.4282021103        8.2862585848       18.6220774056
  2        3.8474833434        8.8248132577       18.0845336820
  2        5.2763034416        8.3338021999       18.1808377730
  3        4.4634801062        8.3635873853       18.4929384123
  1       18.3257852124       -0.2796607721        6.2038666163
  2       18.7470300096        0.5786144493        6.1575509394
  2       17.4536159118       -0.1002926360        6.5551164700
  3       18.2662910086       -0.1427558914        6.2440991073
  1        9.6689682644       10.4706707964        7.6546148391
  2        9.8659824118       11.1472597788        8.3024122238
  2        9.4443259509       10.9564049276        6.8609985202
  3        9.6653230517       10.6240257099        7.6353757396
  1        2.1856954576        9.5999498061       17.0720155682
  2        2.4038064379       10.5103048461       16.8722407495
  2        1.4060825753        9.6556566147       17.6245815661
  3        2.1116118619        9.7274103456       17.1185622299
  1       14.7605869611        9.1289277580        6.5972640947
  2       14.5782424844        8.8023282284        7.4783497410
  2       15.2120150698        9.9611006708        6.7384362686
  3       14.7960893929        9.1956322410        6.7321390341
  1       14.0031486285       21.4329968394        2.2089332817
  2       13.1733757566       21.8496906697        2.4414669561
  2       13.9495557700       20.5591016717        2.5957972348
  3       13.8865988726       21.3726744809        2.2906555398
  1        1.8293874805        2.3089641141        0.5882912154
  2        2.4386493835        2.9650338857        0.2497634245
  2        2.0744389090        1.4997324651        0.1396013310
  3        1.9421041128        2.2887561993        0.4844270686
  1       14.6898086460       20.6103564109       16.8446821981
  2       14.1718438246       20.1274081887       17.4886559051
  2       15.1522088714       21.2734869178       17.3571981873
  3       14.6824775487       20.6341293518       16.9972674604
  1        6.2188594266       16.4951927552        2.9851725506
  2        6.0294363428       17.3970889006        3.2438826493
  2        5.6090215140       16.3178328169        2.2690232299
  3        6.1134063048       16.5907868168        2.9248188061
  1       17.8455799102       14.3950409088       11.9753551459
  2       17.9899604234       15.3384044240       12.0491672221
  2       18.3744920231       14.0156689640       12.6771796120
  3       17.9344129819       14.4694529870       12.0776912979
  1        9.2595052375       20.2975438001       15.2056425398
  2       10.1128283639       20.6727493320       15.4231031746
  2        8.9088825244       19.9968159571       16.0440071111
  3        9.3258306658       20.3073702584       15.3449463024
  1        5.1736624197       13.7482420705       12.7472481697
  2        5.0004221485       13.1303897256       12.0369841588
  2        5.0382464510       14.6102798154       12.3538245828
  3        5.1329388460       13.7804594724       12.6016295254
  1        1.4602105188       20.0558966892        9.0775568232
  2        0.8578528428       19.7878487709        8.3836229499
  2        2.3309278760       19.9436792923        8.6961289579
  3        1.4956174338       20.0057251372        8.9356754441
  1        5.5747921008        6.1139679371       10.2598835465
  2        4.8373337234        5.5371357440       10.4590027058
  2        6.3454801995        5.5503589723       10.3278060484
  3        5.5791763731        5.9635000913       10.2951165642
  1       10.7763663091        8.1681907055       18.9676192310
  2       11.7016515841        8.3016512053       19.1732016517
  2       10.7334198551        7.2764377085       18.6224223720
  3       10.8927805763        8.0681428970       18.9491987420
  1       15.7870772300       11.8435522146       11.3809378048
  2       15.8604395078       12.7715943266       11.6036135589
  2       16.1703702887       11.7755435411       10.5064722946
  3       15.8473275501       11.9570235480       11.2949417849
  1        2.4656801829        9.2617986470       20.8152783872
  2        3.0032279397        9.4609308791       21.5818404787
  2        3.0973178435        9.0562050870       20.1260804253
  3        2.6199404969        9.2609461505       20.8254856775
  1       20.5523537428       19.4835891904        7.3267834491
  2       20.2098300443       19.3016579877        6.4516793237
  2       19.9506239711       19.0321219788        7.9186679949
  3       20.4277705632       19.4000196925        7.2894159447
  1       17.0073327168       10.1416428573        4.3785229755
  2       17.3760573916       10.4546168534        5.2045484405
  2       17.5413113568       10.5603602182        3.7034146431
  3       17.1264338403       10.2381809571        4.3984347225
  1       21.0170943784       21.3072782768        2.6883276063
  2       20.1451350110       20.9247577826        2.5903806307
  2       20.9707491250       22.1356803831        2.2110114169
  3       20.8959348454       21.3661071302        2.6124283733
  1       16.6312075128       14.4791100390        4.6908112985
  2       17.2772733821       14.0982887102        4.0959981472
  2       16.9403898056       14.2414780677        5.5649772055
  3       16.7572413131       14.3975123738        4.7276686209
  1        2.6380837542       17.9209336985        7.2305154044
  2        1.8263366038       17.4197023811        7.1526539428
  2        2.8818111671       18.1247833760        6.3275918561
  3        2.5631402065       17.8816976761        7.1011123163
  1       16.9834887579       17.5403609228        8.1684235034
  2       16.9739821176       16.6196364774        8.4299666095
  2       17.8516783988       17.8531232446        8.4226972817
  3       17.0967819168       17.4601474454        8.2364794964
  1       21.1135414252        0.7975003979       12.1356362133
  2       20.3132739470        1.2272649727       12.4374690321
  2       21.8184098698        1.2504630765       12.5984687582
  3       21.1009546407        0.9139659142       12.2365248468
  1       20.1558235166       15.9079459093        4.8693566483
  2       20.7850268798       15.8581720921        5.5889776400
  2       19.4088799641       15.3887913571        5.1673206682
  3       20.1402890784       15.8328824783        5.0036150654
  1       15.0058266433       16.7076908745        4.5496438994
  2       15.1881296107       17.0767055530        5.4138328093
  2       15.2939788518       15.7970202241        4.6119010122
  3       15.0678976904       16.6362257167        4.6718775950
  1        9.5886032191        2.7214033744        2.6435984076
  2        9.4773742942        3.5064407404        3.1798568686
  2        9.2611131025        2.0081120778        3.1914984229
  3        9.5307193829        2.7308694274        2.7866404131
  1       20.6440020781       16.9710991693       12.0277859656
  2       20.8051714388       17.8849769033       12.2624785336
  2       21.0071544532       16.8819732036       11.1466471617
  3       20.7131801865       17.0799154998       11.9424949605
  1       10.5579369841        6.7221821164       15.5536713212
  2       11.4843091013        6.5144838936       15.4315041177
  2       10.1580620405        5.8921006507       15.8130811645
  3       10.6274021161        6.5852592484       15.5717788792
  1       18.1039605512        7.6173745411        7.3106490239
  2       18.0439057113        6.6809746225        7.4997978689
  2       17.7130365895        8.0420110633        8.0742529507
  3       18.0444591834        7.5498533583        7.4363535867
  1       17.2821534167        2.2868428485       10.1628728366
  2       16.4328327322        1.9542831928       10.4531952904
  2       17.1350411214        3.2203204982       10.0105372627
  3       17.1506857623        2.3661269356       10.1810785883
  1       14.6786766254        6.6845952429        4.2568420599
  2       14.1373163959        7.4059365762        4.5775045925
  2       15.0291052328        6.9995241179        3.4236264384
  3       14.6534854354        6.8213189527        4.1892166865
  1       12.4949302805       16.1069563548        4.0719482375
  2       11.8791765371       16.8373227977        4.0116086688
  2       13.3054199423       16.5022591858        4.3929947401
  3       12.5206234028       16.2554752236        4.1063454621
  1       17.5985847447        8.5099374519       13.0231394520
  2       16.7770884881        8.0451522360       12.8639311592
  2       17.7796933646        8.9656598649       12.2011020885
  3       17.5140931008        8.5087417212       12.8936755870
  1       15.1491784445       20.7536884187       12.9185125084
  2       15.8315725047       20.1180491837       12.7028048672
  2       15.0858588412       21.3104587912       12.1424802559
  3       15.2308580641       20.7432825966       12.7876640518
  1       19.7312753952       11.3044219502       21.1682202253
  2       19.5165500193       11.7648693854       20.3569805263
  2       19.9990141015       11.9962144143       21.7731729909
  3       19.7382698829       11.4564465017       21.1410030819
  1       16.9597587703       14.9721499753        9.3213207345
  2       17.2558385142       14.3448430430        8.6617364148
  2       17.2170161980       14.5816136003       10.1565025306
  3       17.0327651254       14.8378574791        9.3444887637
  1        6.2929840543       17.5694600099       20.4375010232
  2        6.8848539562       16.8655649098       20.1720761105
  2        6.8277116876       18.1355399358       20.9941414392
  3        6.4416253964       17.5512769128       20.4759234961
  1        6.3972127919        7.3627820457       12.7530878156
  2        5.9405468912        6.9778671779       12.0050734598
  2        5.9409755651        7.0133096483       13.5185584638
  3        6.2767659227        7.2658882524       12.7553909688
  1        3.0517032753       15.2433366925       15.3317876228
  2        2.6038569249       15.0567477055       16.1569220804
  2        2.5319498485       15.9386499088       14.9285202381
  3        2.9240398241       15.3104568928       15.3874480392
  1       14.1492707083        8.1840518336       17.5411187997
  2       15.0921510440        8.3199534739       17.6345858721
  2       13.9231648557        7.5774924087       18.2462361548
  3       14.2438407014        8.1219540546       17.6464826562
  1       13.6840608365        3.9369245783       11.3147348719
  2       13.4674869241        4.6598189552       11.9035881111
  2       14.6136494278        4.0561731534       11.1201237078
  3       13.7781347675        4.0480354717       11.3667504935
  1       15.5960075425       13.8963998157       15.1574565044
  2       15.1569884989       14.0635034529       14.3234497115
  2       16.2104944393       14.6237830272       15.2551713663
  3       15.6191584694       14.0144168728       15.0603114128
  1        4.4690686637       20.0093911097        8.7495942396
  2        4.2916421297       20.3260396768        7.8638842493
  2        4.4372721156       19.0556834396        8.6743656790
  3        4.4414641299       19.9253386268        8.6228096592
  1       16.9292871437       18.6039134040       16.1030209073
  2       17.7823052192       18.9917495521       15.9076444452
  2       16.5086090113       19.2324224084       16.6897363556
  3       16.9863293325       18.7380082362       16.1546535004
  1        5.3836942989        0.0962069185       14.6780859173
  2        6.2063173388        0.2516171029       14.2140086762
  2        5.1718266308        0.9388443907       15.0797111886
  3        5.4642763127        0.2278876106       14.6698461118
  1       15.9292126967       11.1971598152        8.6255159753
  2       15.9842289604       10.2638349430        8.8307148313
  2       15.0523931724       11.4542912166        8.9106468947
  3       15.8207853872       11.1079440111        8.6902092429
  1        7.9837161076       11.9374741411       16.1091791026
  2        8.1030268898       11.0277517032       15.8364178514
  2        7.7991527840       11.8846186888       17.0469271272
  3        7.9751067995       11.8104732691       16.1969163143
  1       20.3831305555        7.4165520517       10.1498067102
  2       20.4591722891        7.2551141365        9.2093897116
  2       21.2853098531        7.5359442100       10.4465333594
  3       20.5121953567        7.4110046068       10.0648793121
  1        5.1616446564        6.9861057011        5.8480235100
  2        4.6619725763        6.7500284033        6.6295758107
  2        4.8286645891        6.4036795711        5.1652843543
  3        5.0517859635        6.8781137660        5.8610607465
  1       15.7572355287        5.2212368329       20.6486892824
  2       16.0505567897        6.1179288828       20.8103515303
  2       14.9604606593        5.3196628852       20.1274496095
  3       15.6908107251        5.3525310046       20.6012472551
  1       17.6816820565       12.3510392140       15.9854797190
  2       17.0430026916       12.9494879690       15.5979536769
  2       18.3882161626       12.3041398948       15.3413999975
  3       17.6906346944       12.4238096984       15.8493714280
  1       -0.0592982366       16.3455277330        9.4623859322
  2       -0.3631526300       15.4643262105        9.2447048320
  2        0.8235150465       16.2161822743        9.8089968617
  3        0.0170886040       16.2121979015        9.4793967122
  1        8.3082011668        2.4589652741        6.2624100097
  2        8.7475545472        1.9245605095        5.6008899181
  2        7.5987369699        1.9041984162        6.5866367260
  3        8.2725632100        2.3152618427        6.2179081016
  1       21.5736613948        1.0870008242       19.5356165540
  2       21.8720206841        1.2131606830       18.6348978957
  2       21.0989556107        0.2560151490       19.5170180854
  3       21.5503945414        0.9940073177       19.4143234327
  1       18.0511455100       16.9468809860       12.8468171988
  2       18.9399042705       16.7917161631       12.5270353664
  2       17.8353551388       17.8269626121       12.5384026662
  3       18.1399358024       17.0425252628       12.7639340504
  1        3.9287896329       11.0912272504       13.5011898049
  2        4.8414536804       10.9187301314       13.7325288576
  2        3.9543414677       11.3083564771       12.5692935233
  3        4.0525762235       11.0971159340       13.4087594884
  1        5.9602318225        8.2259786654        8.5033714864
  2        5.4151534461        8.9738184011        8.7480221971
  2        5.8393900129        7.5977863530        9.2154110588
  3        5.8723714580        8.2417647407        8.6295955577
  1        3.9315024985        5.5070026298        3.7163814822
  2        4.6482995644        4.9212452723        3.9599363247
  2        4.2292533000        5.9282874995        2.9100985321
  3        4.0653602000        5.4853024125        3.6421361031
  1       13.4913587920       11.4167228069        0.7630328760
  2       14.0961284426       10.6794345084        0.8460287281
  2       13.8172078995       12.0657663859        1.3865659295
  3       13.6141430311       11.4050799503        0.8562510852
  1        5.1223775752       19.0754146522        3.4550465060
  2        5.1142545702       19.7968075656        2.8259559257
  2        5.5091021058       19.4510594341        4.2459724268
  3        5.1723296096       19.2201559198        3.4763987826
  1        2.4013103339        8.3669933172        9.0530466511
  2        3.1687984225        8.9389848166        9.0489926044
  2        2.6781621096        7.5904603971        8.5666533994
  3        2.5390987402        8.3400064738        8.9883378777
  1        8.7720070699       17.9760042142       14.0110110413
  2        9.0613115413       18.7928306831       14.4176141889
  2        8.0261325927       18.2295856749       13.4673232780
  3        8.7117680082       18.1172319963       13.9929243328
  1       16.4610778044       13.7384017395        0.3489039107
  2       17.0990419724       14.3972932136        0.6229338774
  2       16.8567282365       12.9031211245        0.5978932812
  3       16.5974511379       13.7151292595        0.4179101829
  1       13.9223425232       14.1344994162       12.4539430921
  2       13.5257100751       14.9509349385       12.1500608518
  2       13.2338287052       13.7087759407       12.9647629448
  3       13.7791701904       14.1860492920       12.4812460850
  1       21.0783668970        4.2906873915        4.0015304089
  2       21.9813121714        4.1285282932        4.2747023969
  2       20.8622909170        5.1426666732        4.3805701844
  3       21.1689912509        4.3817010806        4.0875821077
  1       20.9769863416        2.3769574644        1.9654250000
  2       21.8248117052        2.6930359824        1.6531507611
  2       20.6804915042        3.0503590106        2.5776748231
  3       21.0497279435        2.5075077630        2.0050032629
  1       21.5852360163        9.0549913494       18.8226857754
  2       21.7103150214        8.1311821046       19.0398502264
  2       20.7247734171        9.0889032102       18.4047350870
  3       21.4882107691        8.9375798184       18.7961943844
  1        1.4315725383       15.9861454408       20.0753106734
  2        0.9531033559       15.3622073629       20.6212018653
  2        0.7832907416       16.6527695417       19.8482166465
  3        1.2829109511       15.9917773613       20.1173722233
  1        2.9012544638       21.0824631476        0.2339262997
  2        2.7748084693       21.2780621917        1.1623556731
  2        2.1572160132       20.5266107694        0.0022722588
  3        2.7864042426       21.0349319420        0.3258576392
  1        7.8306401596       11.6741854406       18.8189089569
  2        6.8989740382       11.7484376154       19.0255814750
  2        8.0739978855       10.7984524431       19.1190712651
  3        7.7398259332       11.5684394387       18.8857798726
  1       10.9289356040       12.1789466494       17.9664951868
  2       10.7998116615       11.6880132316       17.1549903725
  2       11.5033585940       11.6239142720       18.4939475216
  3       10.9876875948       12.0409437205       17.9290177910
  1       14.4024030040       15.0124155627        7.7855742073
  2       14.2712443535       15.9495647175        7.6414300192
  2       15.1821396553       14.9614538680        8.3384234970
  3       14.4879752704       15.1293376127        7.8394980558
  1        2.0435330042        3.2380167601        4.1985915288
  2        2.3477829970        2.5127507569        3.6530185791
  2        2.3459303802        4.0239430387        3.7435042971
  3        2.1235730151        3.2460201726        4.0665661447
  1        0.2411823672        1.6691105410       16.7521815596
  2       -0.1132181919        1.2719645199       15.9566289476
  2        1.0037760414        2.1647368176       16.4537956370
  3        0.2950386651        1.6821038566       16.6078491900
  1        7.9704097578        0.4544521693       20.7354249557
  2        8.5898735461       -0.2392954478       20.5091341345
  2        8.5071556660        1.2445535397       20.7976530158
  3        8.1229580775        0.4671649178       20.7137787971
  1       11.7724474079        1.3312807929        2.5838010594
  2       12.3740059223        2.0510484642        2.3933003247
  2       10.9049503289        1.7358202996        2.5787729043
  3       11.7373599308        1.4796199491        2.5580033138
  1       11.2178930781        2.1488071245        8.2009835928
  2       11.4336030504        2.3756685141        7.2964219339
  2       11.5098180474        2.9026150059        8.7136064240
  3       11.2848695596        2.2781949423        8.1492718576
  1       15.2615521935       21.3095728004        7.2837422350
  2       15.0230674151       22.1609744460        6.9170421870
  2       14.4326266811       20.8352508239        7.3480060223
  3       15.1207199148       21.3593240437        7.2438393147
  1        2.2231058567       12.5177201274       16.6779476741
  2        2.6000586956       12.6078485941       17.5531688425
  2        1.4437333667       13.0731939384       16.6939490487
  3        2.1700112998       12.6028997821       16.7955340443
  1        5.6963863772        9.9955885116       21.3687544975
  2        5.7968074502       10.4451916825       20.5297066600
  2        6.1843534801        9.1788885698       21.2633126247
  3        5.7740173016        9.9471543947       21.2441401488
  1        2.8489686924        0.6185533259        3.2771019429
  2        3.7153858649        0.6595261570        3.6819120060
  2        2.2499832095        0.4631490798        4.0073721590
  3        2.8842531698        0.6034554417        3.4268624836
  1       11.8677832969       14.7490102894        9.4289738928
  2       12.1760750972       15.1839223915       10.2239810036
  2       12.6584277829       14.3801440760        9.0352129371
  3       12.0127750613       14.7577242704        9.4819136207
  1       17.8979344381       16.2808966413        1.0158605628
  2       17.7754372206       16.6957327685        0.1619670704
  2       18.8445219106       16.2972694404        1.1570440080
  3       18.0066634896       16.3377896058        0.9218268244
  1        0.5032919850        6.1119931368       19.5626039368
  2        0.3662743042        5.6780810762       20.4047293169
  2        1.2263926188        5.6312781446       19.1597798479
  3        0.5806187623        5.9913188158       19.6205645940
  1       10.8940143666        2.2120778077       14.7889558119
  2       10.4958919801        2.8316560601       15.4003885811
  2       10.4801717910        2.4054933439       13.9477938596
  3       10.7868851054        2.3193428105       14.7586457384
  1        6.4628864434       15.7795539108       10.6819377075
  2        5.5804654174       15.8111185757       11.0514853791
  2        6.3251548794       15.6802768420        9.7399171362
  3        6.3282892645       15.7706200526       10.6064066172
  1        7.6822400133       10.6141154763       10.3860602260
  2        7.6644477475       11.5075766674       10.0430744943
  2        7.3962358989       10.7004090864       11.2954466875
  3        7.6421576412       10.7433826405       10.4607901646
  1        4.1927863329        7.1946973716        1.3626750624
  2        4.7217454324        7.0620640561        0.5760116327
  2        4.4425051688        8.0639916266        1.6760385545
  3        4.2955237611        7.2918911496        1.3002286823
  1       16.2115773735       19.0655218303        5.9416009863
  2       16.5582943022       18.8157523440        6.7981237543
  2       15.7799095492       19.9062805020        6.0933126285
  3       16.2003690984       19.1434959274        6.0746257011
  1        6.1885875506       19.4805779945       16.6969011701
  2        5.9753521243       19.8652043890       15.8467118579
  2        7.1348494208       19.5968288850       16.7823580615
  3        6.2853017994       19.5466628824       16.5960036892
  1       18.9661793678        9.6083041418       10.9560133594
  2       19.5733988430        8.9824484457       10.5612756825
  2       19.4146683283        9.9129452933       11.7448606817
  3       19.1054677239        9.5659236470       11.0080115085
  1        6.4605075670        3.7463869173       -0.0601940671
  2        7.3756739086        3.7958708110       -0.3363291578
  2        6.4994552323        3.7185796728        0.8958072475
  3        6.5863917288        3.7492468971        0.0295063138
  1       19.0501348977        5.2369554818        0.8669581520
  2       18.4453535431        5.1152079120        1.5988363654
  2       18.5717248401        5.7906113728        0.2498539080
  3       18.9072204849        5.2939407232        0.8821012322
  1        6.7060926070       16.2688008027       15.1308095665
  2        6.9031274287       15.4506086465       14.6747749719
  2        7.4365286030       16.8474284099       14.9119899498
  3        6.8284615122       16.2371930680       15.0417704621
  1        9.4447399125       -0.0650921555        8.1792523035
  2        8.6094683206        0.2148739127        8.5536438703
  2       10.0090365698        0.7049475061        8.2487999779
  3        9.4089879455        0.0734437954        8.2378248838
  1        9.7170978832       12.9354235761       21.3874496999
  2       10.5434537542       13.4152099194       21.3311494673
  2        9.9091171107       12.1931536244       21.9605052051
  3        9.8514605429       12.9007919401       21.4556295022
  1        3.1430474657       18.2431282988       20.4864362679
  2        2.7190688618       18.8709968319       21.0714592807
  2        2.5880965807       17.4642986717       20.5274558268
  3        3.0138891918       18.2232107516       20.5690352486
  1       16.7334278548       20.0800816244       20.0339462423
  2       17.2228996350       20.3993670122       19.2758546289
  2       15.9655587080       20.6496305466       20.0810596752
  3       16.6966965848       20.1973528952       19.9401410034
  1        7.4037429343       14.3839388392        8.0307034260
  2        7.1885719013       13.4740488753        8.2357164916
  2        6.9247650340       14.5675895977        7.2225690022
  3        7.3121581174       14.2881200869        7.9511286308
  1       13.0227667541       16.6111542917       18.7065153294
  2       13.5333472070       16.1937145010       19.4002590135
  2       13.1404137770       17.5496524894       18.8535152881
  3       13.1056540073       16.6799018422       18.8174416003
  1        9.6032551313       17.1481809080        8.7417072140
  2       10.2490416611       17.6388264911        8.2333221762
  2        9.0175474382       17.8175010304        9.0955231956
  3        9.6111818297       17.3012247891        8.7213136384
  1        2.1276821701       13.6697810742       12.7777428717
  2        1.6902143150       13.4771416803       11.9484415895
  2        1.5078052231       14.2228211867       13.2532719260
  3        1.9881779146       13.7173317255       12.7310667721
  1       19.4650543968       16.3182434273       19.1047893535
  2       20.1428036595       16.9686718196       19.2887119464
  2       19.8793266801       15.7050753682       18.4976385622
  3       19.6091338422       16.3231594916       19.0489493526
  1       16.2871770491        4.8250733781       10.1682853385
  2       16.2276899403        5.3441049010        9.3662278350
  2       17.0063063139        5.2230453426       10.6588972962
  3       16.3742091012        4.9460612418       10.1271937486
  1        4.4033860360        2.2968425223       20.9076112198
  2        5.0874116294        2.9390056313       21.0972535301
  2        4.3723562686        2.2544213369       19.9518569242
  3        4.4895411827        2.3759714407       20.8065317215
  1        1.2669340975        7.0164255359        1.3908763027
  2        2.1861737495        6.8851105980        1.1585327505
  2        1.2947479741        7.5062417933        2.2127857255
  3        1.3918867120        7.0637255837        1.4686626102
  1        1.6069517885       13.2146973555        4.5148272292
  2        0.6809076346       13.0238341135        4.3656892907
  2        1.9421976686       12.4395949457        4.9654436193
  3        1.5290028799       13.0872495080        4.5546037778
  1        3.2338000423       20.6821035407       11.4295781289
  2        3.4078031767       19.7414302886       11.4625238251
  2        2.5936341314       20.7832224215       10.7251696853
  3        3.1722953270       20.5713341802       11.3409864883
  1       14.2592282905       15.7259551635       20.8610062583
  2       13.7385095499       16.0138322520       21.6108112009
  2       15.1638705170       15.7525129038       21.1726884766
  3       14.3098824952       15.7674411543       21.0010570495
  1       11.5633033161       15.8354322354       16.1318260990
  2       10.7515638350       15.4270837610       16.4327566811
  2       11.8974730864       16.2994156965       16.8994709319
  3       11.5002935895       15.8427726199       16.2728121023
  1       11.5783167071       -0.1549495225       15.9518363118
  2       11.1771808656        0.7074734350       15.8443869936
  2       11.7481703251       -0.2252722185       16.8912154386
  3       11.5478017282       -0.0504411757       16.0615997006
  1       17.1684804846       17.2197561712       20.2037950133
  2       17.0092047767       18.1625072585       20.1581845634
  2       18.0566559751       17.1097184377       19.8642885004
  3       17.2646502689       17.3296229396       20.1529833433
  1       21.6072903690        4.8695891743        0.2834569130
  2       20.6842649500        5.0722653657        0.4356906614
  2       22.0835994823        5.5672057244        0.7336673689
  3       21.5483513876        4.9883722509        0.3629423656
  1       21.6215061022       21.6660924152        5.4192006181
  2       21.3487990899       21.5605774206        4.5077588217
  2       21.3048546828       20.8762062630        5.8574247869
  3       21.5437471639       21.5479547272        5.3567650979
  1       18.4012019264       11.4063776683       18.5230704392
  2       17.8733916076       10.6138751974       18.4251685599
  2       18.3231619904       11.8523974314       17.6797408380
  3       18.3212670853       11.3606633355       18.3988859757
  1        8.1475440103        7.8371197623        6.5808859726
  2        7.2313008899        7.6484884390        6.7837293735
  2        8.1246948940        8.2254234699        5.7062850205
  3        8.0236417950        7.8634641934        6.4922554362
  1       16.4420356761        0.2472744287        3.5909905138
  2       15.6478393174        0.0669096188        3.0880498055
  2       16.4876817443        1.2024554790        3.6331126525
  3       16.3432732376        0.3495023515        3.5301909039
  1        2.8939787426        9.0184248328        5.0818246764
  2        2.7065024532        9.7345351019        5.6886750700
  2        3.5354943287        8.4764101123        5.5410702234
  3        2.9538839069        9.0413947002        5.2224835420
  1        7.5217504798        7.6443161894       21.3428651978
  2        7.8757638593        6.9620924574       21.9133684700
  2        8.1848901048        8.3344969439       21.3540473638
  3        7.6559518986        7.6453660253       21.4196117745
  1        5.1894402309        5.9698792993       15.2222634190
  2        4.3233580425        6.3666501295       15.3155545127
  2        5.1663431887        5.2052210548       15.7975833062
  3        5.0721234518        5.9213408663       15.3104788024
  1       18.8300165228       20.0614381402        2.1742202160
  2       19.3616883879       19.7262488529        1.4522771113
  2       18.1044163460       20.5164522630        1.7467916157
  3       18.8044299547       20.0772476230        2.0225740892
  1        2.9986261222        6.0414162596       17.8949112296
  2        3.6505848416        5.3659986259       17.7078563574
  2        3.4865868050        6.7256400886       18.3531260273
  3        3.1490251285        6.0425781339       17.9306876040
  1       20.9928890490        6.2821345506       16.6080589713
  2       21.2628944395        5.9003385434       17.4432580942
  2       21.8141706767        6.4811610665       16.1584884974
  3       21.1368715821        6.2580202581       16.6589381523
  1       17.6654347591       19.6063788083       11.7806430228
  2       18.2979252760       20.1822865615       12.2101947457
  2       17.6409523615       19.9109732786       10.8735313991
  3       17.7456543051       19.7225507580       11.7176345904
  1       11.6441637348        4.4150748905        9.6785937782
  2       12.4026697484        4.2024523598       10.2223666754
  2       11.8935120059        5.2189157203        9.2226397927
  3       11.7771382965        4.4930792165        9.6901804545
  1       18.3631930579        6.9320533451        4.3202651085
  2       18.5834363366        7.3704178183        3.4983416549
  2       19.2097354001        6.7226911805        4.7149323403
  3       18.5039429188        6.9622675160        4.2638936571
  1       12.3165651348        6.9664800051        1.8219370809
  2       11.9885188894        7.7950770245        2.1712812052
  2       12.8777999279        7.2203378124        1.0892704462
  3       12.3473316309        7.1092972340        1.7713621678
  1        8.9669133768       14.8776556687       17.2419649729
  2        8.7686315751       15.7436980659       17.5981721742
  2        8.4516846715       14.8255503780       16.4369475217
  3        8.8727740271       14.9850451313       17.1827497201
  1        0.9326876751       11.3143999042        1.3620493323
  2        1.7955978628       11.7225555960        1.4329268048
  2        0.3226627338       12.0502270454        1.3105064752
  3        0.9660529197       11.4653350325        1.3646003082
  1       10.6173616304       13.6819814155        3.0190073750
  2       10.6144396472       12.7383093178        3.1793292732
  2        9.8484266037       14.0073193374        3.4871129594
  3       10.5155241434       13.6003994673        3.1019210167
  1       13.2938524654       19.2835527732       11.0079513889
  2       14.1218690231       18.9889202706       10.6287298898
  2       12.9400008263       19.8972888897       10.3642545087
  3       13.3564129696       19.3256547554       10.8729892965
  1        4.7072084677       18.0779389997       14.2076225204
  2        5.2924408166       18.6088231469       13.6673505548
  2        5.2280951404       17.3099709379       14.4424220245
  3        4.8531479098       18.0466585556       14.1673190090
  1        6.4101444373        7.5373854600       17.1031575791
  2        6.0649423567        6.8717495826       16.5081844040
  2        6.8647911525        7.0394422373       17.7825525955
  3        6.4245843743        7.3838648339       17.1142960517
  1       16.1825105601       10.0028176244       14.8507797641
  2       16.7556794701        9.6501431253       14.1700986528
  2       16.4812495610       10.9039652631       14.9729133772
  3       16.2975485910       10.0751822276       14.7770859674
  1       10.4125347711       10.1294829346       11.1696854825
  2       10.3363016866       10.5719013379       12.0150748308
  2        9.5876645695       10.3209055731       10.7233949932
  3       10.2936447526       10.2131108320       11.2223418999
  1       13.2140972969       12.8822651547        6.3468440628
  2       12.8602048903       12.3919856205        7.0888783071
  2       13.8059381500       13.5222075408        6.7423523738
  3       13.2454918059       12.9020114141        6.4969294720
  1        2.0089185458        7.1374432075       15.6197825736
  2        1.9862565748        8.0330606741       15.9568055188
  2        2.4562895405        6.6358172538       16.3012950625
  3        2.0649539243        7.1894257704       15.7541663878
  1       20.5743779501       16.8366677441        1.3519402658
  2       21.0901096472       16.1379341214        1.7544583623
  2       20.6768881499       17.5819983259        1.9437194980
  3       20.6559477232       16.8428156668        1.4831261460
  1       19.5193143805        2.6160376799        6.1407040563
  2       19.8181301491        3.1020988942        5.3721454644
  2       19.0705120081        3.2688466485        6.6779614972
  3       19.4995254058        2.7662982540        6.1101865801
  1       12.8406834073        3.4960566599        1.4939851963
  2       12.2697696945        3.5456797079        0.7272885402
  2       13.6996359285        3.2668655053        1.1391603691
  3       12.8786867525        3.4723647526        1.3460135799
  1        8.5943708257        9.1865390505       14.9475228389
  2        9.3140308654        8.6764123498       15.3191259249
  2        7.8037051193        8.7787467068       15.3007675444
  3        8.5850024601        9.0654303898       15.0431580104
  1       13.1349214285       20.7007926808       21.0146305431
  2       12.8984154485       21.3809063783       20.3839650558
  2       13.3832989756       21.1815549988       21.8041904613
  3       13.1364877427       20.8539566666       21.0355948011
  1        7.4546104424        4.2203688475       10.4188335601
  2        8.2242720216        3.9921161911       10.9401304575
  2        7.2582303402        3.4269399634        9.9207029164
  3        7.5302482149        4.0855699415       10.4218900758
  1        7.9031493612       14.0545796803       14.1042971944
  2        8.2753828642       13.2566533912       14.4797762662
  2        7.1148545952       13.7600755824       13.6481312431
  3        7.8482549534       13.9104462931       14.0936515063
  1       16.8477584004       13.4253546326       19.3984727881
  2       16.7009399985       13.3743296378       20.3429670886
  2       17.4603251953       12.7138542166       19.2120384654
  3       16.9092084427       13.3247483408       19.4984899184

Moleculetype  2
Number-of-molecules: 16    
Atomtype         X                  Y                   Z
  4       13.0547411259        5.1845023832        3.0766139176
  4        9.6823576610       14.8509333524        8.3459540436
  4        5.3002511941        0.2296767115       21.1647861081
  4       14.3133400972       15.2682717532       16.8049647965
  4        0.0014821951        1.9535783610        7.0724555295
  4        9.3385762605       13.4947853506       19.1078367525
  4       13.2635909459       20.9018505831       14.4043152131
  4        3.6664061746       13.2169637252       14.5223563133
  4        3.2477584297        0.3223037131       13.4498489048
  4       21.2484094142        2.7009366850       21.1289031658
  4       17.8337846846       19.8380085990        4.3094066396
  4       12.2683773607       14.8349535819        1.9991409436
  4        4.6389273372       18.3014095378       18.6734863384
  4        7.9757021819        9.0496938652        8.7435976151
  4        0.2074796067       10.1158836247       20.8468802089
  4       16.5934880749        7.8652889440        5.6033538264

Moleculetype  3
Number-of-molecules: 16    
Atomtype         X                  Y                   Z
  5       20.2341793652       20.6017037909       14.5444734943
  6       21.4854863424       19.8189524894       14.3404601707
  6       20.5761900872       22.0329791938       14.7780748098
  6       19.3740810977       20.4878931788       13.3331237090
  6       19.5009599334       20.0669903017       15.7262352879
  5        4.0901034141        2.9064659805       17.0357421258
  6        4.3502519546        2.2341962557       18.3397614284
  6        4.4847596707        4.3402374875       17.1286716281
  6        4.8857114263        2.2406445273       15.9662656786
  6        2.6396906049        2.8107856515       16.7082697680
  5       21.1135530218       19.3258443164       20.6568963706
  6       22.4553242057       19.7448584438       21.1510293878
  6       20.6349340407       20.2981945154       19.6343753934
  6       21.2102658323       17.9701867153       20.0462170042
  6       20.1536880087       19.2901375910       21.7959636969
  5        7.6468032653        5.2741947044        2.7960423577
  6        6.8521817318        6.3339318182        3.4784088690
  6        8.7721067223        4.8524714119        3.6769122584
  6        6.7716335457        4.1020476686        2.5127766239
  6        8.1912910614        5.8083279188        1.5160716797
  5        4.5660129955       13.1838779802       19.4430082413
  6        5.0815241562       14.2100984170       18.4936874073
  6        4.3621845000       13.8041258001       20.7823501595
  6        3.2690648766       12.6494826019       18.9405768092
  6        5.5512784493       12.0718051019       19.5554185892
  5       12.0479666014        2.5600144024       19.2478697244
  6       10.8232098118        2.1405568580       18.5102272892
  6       12.6519282229        3.7442549440       18.5748950691
  6       11.6865650728        2.9156281345       20.6489471656
  6       13.0301632982        1.4396176729       19.2574093738
  5        4.7966263729       11.7364697877        9.5475681236
  6        4.7696673719       11.9973092362       11.0143081080
  6        6.1070083441       12.1739045472        8.9893207697
  6        4.6124655907       10.2789689282        9.2988388760
  6        3.6973641848       12.4956964389        8.8878047407
  5        3.0934830279       16.7731401384       11.6983007097
  6        2.2643964618       16.1734502226       10.6152136133
  6        4.3151981546       15.9455260103       11.9045946548
  6        3.4900723114       18.1564744332       11.3120451511
  6        2.3042651838       16.8171098874       12.9613494194
  5        9.2958431034       19.0563650245       18.7222953154
  6       10.7482293337       19.2167100150       18.4308267759
  6        8.9525766043       19.8061905470       19.9632707317
  6        8.4986010283       19.5907155258       17.5825739447
  6        8.9839654473       17.6118440099       18.9125098095
  5       12.9360365179       18.5510838803        6.6603370751
  6       13.6915838638       17.3251088732        7.0427291220
  6       11.4899775729       18.3579899856        6.9631876375
  6       13.4541779033       19.7150091353        7.4329286185
  6       13.1084067314       18.8062275272        5.2025029225
  5       10.4681590095       10.0418975639        2.2106498388
  6       11.7438669795        9.3200335223        2.4781786560
  6       10.5065919134       10.6273983672        0.8410506607
  6        9.3274930707        9.0885793303        2.3114255758
  6       10.2946840743       11.1315790358        3.2119444629
  5       15.2372031974        8.0340708699        0.6181759590
  6       15.4712777950        7.5498179477        2.0077076706
  6       16.3370337022        7.5562233121       -0.2662022178
  6       13.9354078380        7.5065423074        0.1210515827
  6       15.2050934542        9.5236999125        0.6101468005
  5       15.2395736305        3.1584615973        5.3793894851
  6       15.7794179467        4.3146880197        6.1486740632
  6       13.9237088677        3.5276916151        4.7858751150
  6       16.1915361671        2.7978659606        4.2913507436
  6       15.0636315404        1.9936007940        6.2916580187
  5        0.0080938508        7.1365270196        6.3943243438
  6        0.1576480279        8.6172128692        6.3215703019
  6       -0.9349118375        6.6799305033        5.3349140925
  6        1.3358704696        6.4925168176        6.1885324642
  6       -0.5262312569        6.7564478885        7.7322805169
  5        5.2687518707        0.2160735971        5.8510184462
  6        4.7343252683        0.9125980355        4.6471363503
  6        4.1619828739       -0.0205903129        6.8201122337
  6        5.8626236824       -1.0893166379        5.4468368125
  6        6.3160756581        1.0616033037        6.4899883884
  5       19.7236512005       12.4807902954        3.0652819447
  6       20.8159089331       12.5469206219        4.0765633164
  6       19.0704629025       11.1429973308        3.1264801375
  6       18.7154317049       13.5394064777        3.3532323134
  6       20.2928012613       12.6938367511        1.7048520114

Moleculetype  4
Number-of-molecules: 0     
Atomtype         X                  Y                   Z


Number-of-fractionals:  2        
##############################################################################                                           
Fractional-type:      1
Box:                  1
Lambda:               0.936706
Reaction-Step         1 (only used if Type = 3 (RxMC))

Moleculetype  1
Atomtype         X                  Y                   Z
  1        5.8978165173       15.0313603860        5.6262046667
  2        6.3037176683       15.5972509356        4.9695153806
  2        5.1960136967       14.5821489556        5.1551308205
  3        5.8587757597       15.0467548284        5.4774095378

------------------------------------------------------------------------------                                           

Fractional-type:      1
Box:                  1
Lambda:               0.020558
Reaction-Step         1 (only used if Type = 3 (RxMC))

Moleculetype  4
Atomtype         X                  Y                   Z
  7       18.0708216352       11.8685230869        5.4559204354
  8       17.7460215277       11.6941741287        5.4241819577
  7       17.4212214203       11.5198251705        5.3924434800

------------------------------------------------------------------------------                                           

